"C:/Users/Antonio/Master/VR/Unreal Projects/BeatSaber-like/Content/Blueprints/Interfaces/ButtonListenerInterface.uasset" 0
"C:/Users/Antonio/Master/VR/Unreal Projects/BeatSaber-like/Content/Blueprints/Interfaces/ButtonListenerInterface.uexp" 1
"../../../Engine/Content/EditorBlueprintResources/StandardMacros.uasset" 2
"../../../Engine/Content/EditorBlueprintResources/StandardMacros.uexp" 3
"C:/Users/Antonio/Master/VR/Unreal Projects/BeatSaber-like/Content/Blueprints/Interfaces/DebugInterface.uasset" 4
"C:/Users/Antonio/Master/VR/Unreal Projects/BeatSaber-like/Content/Blueprints/Interfaces/DebugInterface.uexp" 5
"C:/Users/Antonio/Master/VR/Unreal Projects/BeatSaber-like/Content/Blueprints/BP_DebugController.uasset" 6
"C:/Users/Antonio/Master/VR/Unreal Projects/BeatSaber-like/Content/Blueprints/BP_DebugController.uexp" 7
"C:/Users/Antonio/Master/VR/Unreal Projects/BeatSaber-like/Content/Extras/Hands/Hand_Skeleton.uasset" 8
"C:/Users/Antonio/Master/VR/Unreal Projects/BeatSaber-like/Content/Extras/Hands/Hand_Skeleton.uexp" 9
"C:/Users/Antonio/Master/VR/Unreal Projects/BeatSaber-like/Content/Extras/Hands/Hand_PhysicsAsset.uasset" 10
"C:/Users/Antonio/Master/VR/Unreal Projects/BeatSaber-like/Content/Extras/Hands/Hand_PhysicsAsset.uexp" 11
"C:/Users/Antonio/Master/VR/Unreal Projects/BeatSaber-like/Content/Extras/Hands/M_Hand.uasset" 12
"C:/Users/Antonio/Master/VR/Unreal Projects/BeatSaber-like/Content/Extras/Hands/M_Hand.uexp" 13
"C:/Users/Antonio/Master/VR/Unreal Projects/BeatSaber-like/Content/Extras/Hands/SK_Hand.uasset" 14
"C:/Users/Antonio/Master/VR/Unreal Projects/BeatSaber-like/Content/Extras/Hands/SK_Hand.uexp" 15
"../../../Engine/Content/BasicShapes/BasicShapeMaterial.uasset" 16
"../../../Engine/Content/BasicShapes/BasicShapeMaterial.uexp" 17
"C:/Users/Antonio/Master/VR/Unreal Projects/BeatSaber-like/Content/Extras/Hands/Hand_Anim.uasset" 18
"C:/Users/Antonio/Master/VR/Unreal Projects/BeatSaber-like/Content/Extras/Hands/Hand_Anim.uexp" 19
"C:/Users/Antonio/Master/VR/Unreal Projects/BeatSaber-like/Content/Extras/Hands/Hand_AnimBP.uasset" 20
"C:/Users/Antonio/Master/VR/Unreal Projects/BeatSaber-like/Content/Extras/Hands/Hand_AnimBP.uexp" 21
"../../../Engine/Content/EngineMaterials/T_Default_Material_Grid_N.uasset" 22
"../../../Engine/Content/EngineMaterials/T_Default_Material_Grid_N.uexp" 23
"../../../Engine/Content/EngineMaterials/T_Default_Material_Grid_N.ubulk" 24
"../../../Engine/Content/EngineMaterials/T_Default_Material_Grid_M.uasset" 25
"../../../Engine/Content/EngineMaterials/T_Default_Material_Grid_M.uexp" 26
"../../../Engine/Content/EngineMaterials/T_Default_Material_Grid_M.ubulk" 27
"../../../Engine/Content/Functions/Engine_MaterialFunctions01/Opacity/CameraDepthFade.uasset" 28
"../../../Engine/Content/Functions/Engine_MaterialFunctions01/Opacity/CameraDepthFade.uexp" 29
"../../../Engine/Content/EngineMaterials/WorldGridMaterial.uasset" 30
"../../../Engine/Content/EngineMaterials/WorldGridMaterial.uexp" 31
"../../../Engine/Content/BasicShapes/Cube.uasset" 32
"../../../Engine/Content/BasicShapes/Cube.uexp" 33
"C:/Users/Antonio/Master/VR/Unreal Projects/BeatSaber-like/Content/Blueprints/BP_Hand.uasset" 34
"C:/Users/Antonio/Master/VR/Unreal Projects/BeatSaber-like/Content/Blueprints/BP_Hand.uexp" 35
"C:/Users/Antonio/Master/VR/Unreal Projects/BeatSaber-like/Content/Blueprints/BP_WalkInPlace.uasset" 36
"C:/Users/Antonio/Master/VR/Unreal Projects/BeatSaber-like/Content/Blueprints/BP_WalkInPlace.uexp" 37
"../../../Engine/Content/EngineMaterials/DefaultMaterial.uasset" 38
"../../../Engine/Content/EngineMaterials/DefaultMaterial.uexp" 39
"../../../Engine/Content/BasicShapes/Cylinder.uasset" 40
"../../../Engine/Content/BasicShapes/Cylinder.uexp" 41
"C:/Users/Antonio/Master/VR/Unreal Projects/BeatSaber-like/Content/Blueprints/Components/WorldInteractor.uasset" 42
"C:/Users/Antonio/Master/VR/Unreal Projects/BeatSaber-like/Content/Blueprints/Components/WorldInteractor.uexp" 43
"C:/Users/Antonio/Master/VR/Unreal Projects/BeatSaber-like/Content/Blueprints/Interfaces/WorldInteractionInterface.uasset" 44
"C:/Users/Antonio/Master/VR/Unreal Projects/BeatSaber-like/Content/Blueprints/Interfaces/WorldInteractionInterface.uexp" 45
"C:/Users/Antonio/Master/VR/Unreal Projects/BeatSaber-like/Content/Blueprints/InteractiveObjects/InteractiveButton.uasset" 46
"C:/Users/Antonio/Master/VR/Unreal Projects/BeatSaber-like/Content/Blueprints/InteractiveObjects/InteractiveButton.uexp" 47
"C:/Users/Antonio/Master/VR/Unreal Projects/BeatSaber-like/Content/Blueprints/InteractiveObjects/InteractiveStaticMesh.uasset" 48
"C:/Users/Antonio/Master/VR/Unreal Projects/BeatSaber-like/Content/Blueprints/InteractiveObjects/InteractiveStaticMesh.uexp" 49
"C:/Users/Antonio/Master/VR/Unreal Projects/BeatSaber-like/Content/Materials/CyanMaterial.uasset" 50
"C:/Users/Antonio/Master/VR/Unreal Projects/BeatSaber-like/Content/Materials/CyanMaterial.uexp" 51
"../../../Engine/Plugins/FX/Niagara/Content/VectorFields/Assets/TilingCurl32.uasset" 52
"../../../Engine/Plugins/FX/Niagara/Content/VectorFields/Assets/TilingCurl32.uexp" 53
"../../../Engine/Plugins/FX/Niagara/Content/Enums/Ribbons/ENiagara_UnsetDirectSetRandom.uasset" 54
"../../../Engine/Plugins/FX/Niagara/Content/Enums/Ribbons/ENiagara_UnsetDirectSetRandom.uexp" 55
"../../../Engine/Plugins/FX/Niagara/Content/Enums/ENiagaraSystemInactiveMode.uasset" 56
"../../../Engine/Plugins/FX/Niagara/Content/Enums/ENiagaraSystemInactiveMode.uexp" 57
"../../../Engine/Plugins/FX/Niagara/Content/Enums/ENiagaraSphereDistributionMode.uasset" 58
"../../../Engine/Plugins/FX/Niagara/Content/Enums/ENiagaraSphereDistributionMode.uexp" 59
"../../../Engine/Plugins/FX/Niagara/Content/Enums/ENiagaraScaleColorMode.uasset" 60
"../../../Engine/Plugins/FX/Niagara/Content/Enums/ENiagaraScaleColorMode.uexp" 61
"../../../Engine/Plugins/FX/Niagara/Content/Enums/ENiagaraRandomnessMode.uasset" 62
"../../../Engine/Plugins/FX/Niagara/Content/Enums/ENiagaraRandomnessMode.uexp" 63
"../../../Engine/Plugins/FX/Niagara/Content/Enums/ENiagaraRandomnessEvaluation.uasset" 64
"../../../Engine/Plugins/FX/Niagara/Content/Enums/ENiagaraRandomnessEvaluation.uexp" 65
"../../../Engine/Plugins/FX/Niagara/Content/Enums/ENiagaraInactiveMode.uasset" 66
"../../../Engine/Plugins/FX/Niagara/Content/Enums/ENiagaraInactiveMode.uexp" 67
"../../../Engine/Plugins/FX/Niagara/Content/Enums/ENiagaraExpansionMode.uasset" 68
"../../../Engine/Plugins/FX/Niagara/Content/Enums/ENiagaraExpansionMode.uexp" 69
"../../../Engine/Plugins/FX/Niagara/Content/Enums/ENiagaraEmitterScalabilityMode_Limited.uasset" 70
"../../../Engine/Plugins/FX/Niagara/Content/Enums/ENiagaraEmitterScalabilityMode_Limited.uexp" 71
"../../../Engine/Plugins/FX/Niagara/Content/Enums/ENiagaraEmitterLifeCycleMode.uasset" 72
"../../../Engine/Plugins/FX/Niagara/Content/Enums/ENiagaraEmitterLifeCycleMode.uexp" 73
"../../../Engine/Plugins/FX/Niagara/Content/Enums/ENiagaraCurlNoiseQuality.uasset" 74
"../../../Engine/Plugins/FX/Niagara/Content/Enums/ENiagaraCurlNoiseQuality.uexp" 75
"../../../Engine/Plugins/FX/Niagara/Content/Enums/ENiagaraChannelCorrelation.uasset" 76
"../../../Engine/Plugins/FX/Niagara/Content/Enums/ENiagaraChannelCorrelation.uexp" 77
"../../../Engine/Plugins/FX/Niagara/Content/Enums/ENiagara_UVFlippingMode.uasset" 78
"../../../Engine/Plugins/FX/Niagara/Content/Enums/ENiagara_UVFlippingMode.uexp" 79
"../../../Engine/Plugins/FX/Niagara/Content/Enums/ENiagara_SpriteRotationMode.uasset" 80
"../../../Engine/Plugins/FX/Niagara/Content/Enums/ENiagara_SpriteRotationMode.uexp" 81
"../../../Engine/Plugins/FX/Niagara/Content/Enums/ENiagara_SizeScaleMode.uasset" 82
"../../../Engine/Plugins/FX/Niagara/Content/Enums/ENiagara_SizeScaleMode.uexp" 83
"../../../Engine/Plugins/FX/Niagara/Content/Enums/ENiagara_PositionInitializationMode.uasset" 84
"../../../Engine/Plugins/FX/Niagara/Content/Enums/ENiagara_PositionInitializationMode.uexp" 85
"../../../Engine/Plugins/FX/Niagara/Content/Enums/ENiagara_MassInitializationMode.uasset" 86
"../../../Engine/Plugins/FX/Niagara/Content/Enums/ENiagara_MassInitializationMode.uexp" 87
"../../../Engine/Plugins/FX/Niagara/Content/Enums/ENiagara_LifetimeMode.uasset" 88
"../../../Engine/Plugins/FX/Niagara/Content/Enums/ENiagara_LifetimeMode.uexp" 89
"../../../Engine/Plugins/FX/Niagara/Content/DefaultAssets/DefaultRIbbonMaterial.uasset" 90
"../../../Engine/Plugins/FX/Niagara/Content/DefaultAssets/DefaultRIbbonMaterial.uexp" 91
"../../../Engine/Plugins/FX/Niagara/Content/DefaultAssets/DefaultSpriteMaterial.uasset" 92
"../../../Engine/Plugins/FX/Niagara/Content/DefaultAssets/DefaultSpriteMaterial.uexp" 93
"../../../Engine/Plugins/FX/Niagara/Content/DynamicInputs/Multiply/Multiply_VectorByFloat.uasset" 94
"../../../Engine/Plugins/FX/Niagara/Content/DynamicInputs/Multiply/Multiply_VectorByFloat.uexp" 95
"../../../Engine/Plugins/FX/Niagara/Content/Functions/Localspace/TransformBase.uasset" 96
"../../../Engine/Plugins/FX/Niagara/Content/Functions/Localspace/TransformBase.uexp" 97
"../../../Engine/Plugins/FX/Niagara/Content/Functions/Localspace/TransformVector.uasset" 98
"../../../Engine/Plugins/FX/Niagara/Content/Functions/Localspace/TransformVector.uexp" 99
"../../../Engine/Plugins/FX/Niagara/Content/Functions/Localspace/TransformPosition.uasset" 100
"../../../Engine/Plugins/FX/Niagara/Content/Functions/Localspace/TransformPosition.uexp" 101
"../../../Engine/Plugins/FX/Niagara/Content/Functions/DirectionAndLengthSafe.uasset" 102
"../../../Engine/Plugins/FX/Niagara/Content/Functions/DirectionAndLengthSafe.uexp" 103
"../../../Engine/Plugins/FX/Niagara/Content/DynamicInputs/Helpers/SimulationPosition.uasset" 104
"../../../Engine/Plugins/FX/Niagara/Content/DynamicInputs/Helpers/SimulationPosition.uexp" 105
"../../../Engine/Plugins/FX/Niagara/Content/Modules/Beams/BeamEmitterSetup.uasset" 106
"../../../Engine/Plugins/FX/Niagara/Content/Modules/Beams/BeamEmitterSetup.uexp" 107
"../../../Engine/Plugins/FX/Niagara/Content/Modules/Beams/BeamWidth.uasset" 108
"../../../Engine/Plugins/FX/Niagara/Content/Modules/Beams/BeamWidth.uexp" 109
"../../../Engine/Plugins/FX/Niagara/Content/Functions/Spline/FindPositionOnBezierSpline.uasset" 110
"../../../Engine/Plugins/FX/Niagara/Content/Functions/Spline/FindPositionOnBezierSpline.uexp" 111
"../../../Engine/Plugins/FX/Niagara/Content/Functions/NormalizedExecutionIndex.uasset" 112
"../../../Engine/Plugins/FX/Niagara/Content/Functions/NormalizedExecutionIndex.uexp" 113
"../../../Engine/Plugins/FX/Niagara/Content/Modules/Beams/SpawnBeam.uasset" 114
"../../../Engine/Plugins/FX/Niagara/Content/Modules/Beams/SpawnBeam.uexp" 115
"../../../Engine/Plugins/FX/Niagara/Content/Modules/Beams/UpdateBeam.uasset" 116
"../../../Engine/Plugins/FX/Niagara/Content/Modules/Beams/UpdateBeam.uexp" 117
"../../../Engine/Plugins/FX/Niagara/Content/DynamicInputs/ValueFromCurve/FloatFromCurve.uasset" 118
"../../../Engine/Plugins/FX/Niagara/Content/DynamicInputs/ValueFromCurve/FloatFromCurve.uexp" 119
"../../../Engine/Plugins/FX/Niagara/Content/Functions/Emitter/EmitterChangeState.uasset" 120
"../../../Engine/Plugins/FX/Niagara/Content/Functions/Emitter/EmitterChangeState.uexp" 121
"../../../Engine/Plugins/FX/Niagara/Content/Enums/ENiagaraExecutionStateManagement.uasset" 122
"../../../Engine/Plugins/FX/Niagara/Content/Enums/ENiagaraExecutionStateManagement.uexp" 123
"../../../Engine/Plugins/FX/Niagara/Content/Enums/ENiagara_EmitterStateOptions.uasset" 124
"../../../Engine/Plugins/FX/Niagara/Content/Enums/ENiagara_EmitterStateOptions.uexp" 125
"../../../Engine/Plugins/FX/Niagara/Content/Enums/ENiagara_InfiniteLoopDuration.uasset" 126
"../../../Engine/Plugins/FX/Niagara/Content/Enums/ENiagara_InfiniteLoopDuration.uexp" 127
"../../../Engine/Plugins/FX/Niagara/Content/Modules/Emitter/EmitterState.uasset" 128
"../../../Engine/Plugins/FX/Niagara/Content/Modules/Emitter/EmitterState.uexp" 129
"../../../Engine/Plugins/FX/Niagara/Content/Functions/GetRandomInfo.uasset" 130
"../../../Engine/Plugins/FX/Niagara/Content/Functions/GetRandomInfo.uexp" 131
"../../../Engine/Plugins/FX/Niagara/Content/Functions/RandomRangeFloat.uasset" 132
"../../../Engine/Plugins/FX/Niagara/Content/Functions/RandomRangeFloat.uexp" 133
"../../../Engine/Plugins/FX/Niagara/Content/Modules/Emitter/SpawnRate.uasset" 134
"../../../Engine/Plugins/FX/Niagara/Content/Modules/Emitter/SpawnRate.uexp" 135
"../../../Engine/Plugins/FX/Niagara/Content/Functions/Localspace/SimulationPosition.uasset" 136
"../../../Engine/Plugins/FX/Niagara/Content/Functions/Localspace/SimulationPosition.uexp" 137
"../../../Engine/Plugins/FX/Niagara/Content/Modules/Solvers/SolveForcesAndVelocity.uasset" 138
"../../../Engine/Plugins/FX/Niagara/Content/Modules/Solvers/SolveForcesAndVelocity.uexp" 139
"../../../Engine/Plugins/FX/Niagara/Content/Functions/V2/CalculateRandomRangeFloat.uasset" 140
"../../../Engine/Plugins/FX/Niagara/Content/Functions/V2/CalculateRandomRangeFloat.uexp" 141
"../../../Engine/Plugins/FX/Niagara/Content/Modules/Emitter/SpawnBurst_Instantaneous.uasset" 142
"../../../Engine/Plugins/FX/Niagara/Content/Modules/Emitter/SpawnBurst_Instantaneous.uexp" 143
"../../../Engine/Plugins/FX/Niagara/Content/Functions/RandomPointInBox.uasset" 144
"../../../Engine/Plugins/FX/Niagara/Content/Functions/RandomPointInBox.uexp" 145
"../../../Engine/Plugins/FX/Niagara/Content/Functions/IsolateLongestVectorComponent.uasset" 146
"../../../Engine/Plugins/FX/Niagara/Content/Functions/IsolateLongestVectorComponent.uexp" 147
"../../../Engine/Plugins/FX/Niagara/Content/Functions/Rotation/RotateAngleOnAxis.uasset" 148
"../../../Engine/Plugins/FX/Niagara/Content/Functions/Rotation/RotateAngleOnAxis.uexp" 149
"../../../Engine/Plugins/FX/Niagara/Content/Modules/Spawn/Location/BoxLocation.uasset" 150
"../../../Engine/Plugins/FX/Niagara/Content/Modules/Spawn/Location/BoxLocation.uexp" 151
"../../../Engine/Plugins/FX/Niagara/Content/Functions/V2/CalculateRandomRange.uasset" 152
"../../../Engine/Plugins/FX/Niagara/Content/Functions/V2/CalculateRandomRange.uexp" 153
"../../../Engine/Plugins/FX/Niagara/Content/Functions/V2/CalculateRandomPointInSphere.uasset" 154
"../../../Engine/Plugins/FX/Niagara/Content/Functions/V2/CalculateRandomPointInSphere.uexp" 155
"../../../Engine/Plugins/FX/Niagara/Content/Functions/SphericalToCartesianCoordinates.uasset" 156
"../../../Engine/Plugins/FX/Niagara/Content/Functions/SphericalToCartesianCoordinates.uexp" 157
"../../../Engine/Plugins/FX/Niagara/Content/Functions/Rotation/MultiplyVectorWithQuaternion.uasset" 158
"../../../Engine/Plugins/FX/Niagara/Content/Functions/Rotation/MultiplyVectorWithQuaternion.uexp" 159
"../../../Engine/Plugins/FX/Niagara/Content/Functions/Rotation/FindQuatBetween.uasset" 160
"../../../Engine/Plugins/FX/Niagara/Content/Functions/Rotation/FindQuatBetween.uexp" 161
"../../../Engine/Plugins/FX/Niagara/Content/Modules/Spawn/Location/V2/SphereLocation.uasset" 162
"../../../Engine/Plugins/FX/Niagara/Content/Modules/Spawn/Location/V2/SphereLocation.uexp" 163
"../../../Engine/Plugins/FX/Niagara/Content/DynamicInputs/UniformRange/V2/RandomRangeFloat.uasset" 164
"../../../Engine/Plugins/FX/Niagara/Content/DynamicInputs/UniformRange/V2/RandomRangeFloat.uexp" 165
"../../../Engine/Plugins/FX/Niagara/Content/Functions/V2/CalculateRandomRangeInteger.uasset" 166
"../../../Engine/Plugins/FX/Niagara/Content/Functions/V2/CalculateRandomRangeInteger.uexp" 167
"../../../Engine/Plugins/FX/Niagara/Content/Functions/V2/CalculateRandomBool.uasset" 168
"../../../Engine/Plugins/FX/Niagara/Content/Functions/V2/CalculateRandomBool.uexp" 169
"../../../Engine/Plugins/FX/Niagara/Content/Functions/LinearColor/HueShiftLinearColor.uasset" 170
"../../../Engine/Plugins/FX/Niagara/Content/Functions/LinearColor/HueShiftLinearColor.uexp" 171
"../../../Engine/Plugins/FX/Niagara/Content/Enums/ENiagara_ColorInitializationMode.uasset" 172
"../../../Engine/Plugins/FX/Niagara/Content/Enums/ENiagara_ColorInitializationMode.uexp" 173
"../../../Engine/Plugins/FX/Niagara/Content/Modules/Spawn/Initialization/V2/InitializeParticle.uasset" 174
"../../../Engine/Plugins/FX/Niagara/Content/Modules/Spawn/Initialization/V2/InitializeParticle.uexp" 175
"../../../Engine/Plugins/FX/Niagara/Content/Modules/Update/Color/ScaleColor.uasset" 176
"../../../Engine/Plugins/FX/Niagara/Content/Modules/Update/Color/ScaleColor.uexp" 177
"../../../Engine/Plugins/FX/Niagara/Content/Modules/Update/Forces/Drag.uasset" 178
"../../../Engine/Plugins/FX/Niagara/Content/Modules/Update/Forces/Drag.uexp" 179
"../../../Engine/Plugins/FX/Niagara/Content/Modules/Update/Lifetime/ParticleState.uasset" 180
"../../../Engine/Plugins/FX/Niagara/Content/Modules/Update/Lifetime/ParticleState.uexp" 181
"../../../Engine/Plugins/FX/Niagara/Content/Enums/SpriteRenderer/ENiagara_ScaleSpriteSize.uasset" 182
"../../../Engine/Plugins/FX/Niagara/Content/Enums/SpriteRenderer/ENiagara_ScaleSpriteSize.uexp" 183
"../../../Engine/Plugins/FX/Niagara/Content/Modules/Update/Size/ScaleSpriteSize.uasset" 184
"../../../Engine/Plugins/FX/Niagara/Content/Modules/Update/Size/ScaleSpriteSize.uexp" 185
"../../../Engine/Plugins/FX/Niagara/Content/VectorFields/Assets/TilingCurl64.uasset" 186
"../../../Engine/Plugins/FX/Niagara/Content/VectorFields/Assets/TilingCurl64.uexp" 187
"../../../Engine/Plugins/FX/Niagara/Content/VectorFields/Assets/TilingCurl16.uasset" 188
"../../../Engine/Plugins/FX/Niagara/Content/VectorFields/Assets/TilingCurl16.uexp" 189
"../../../Engine/Plugins/FX/Niagara/Content/Functions/FindAngleBetweenVectors.uasset" 190
"../../../Engine/Plugins/FX/Niagara/Content/Functions/FindAngleBetweenVectors.uexp" 191
"../../../Engine/Plugins/FX/Niagara/Content/Functions/V2/RemapRange.uasset" 192
"../../../Engine/Plugins/FX/Niagara/Content/Functions/V2/RemapRange.uexp" 193
"../../../Engine/Plugins/FX/Niagara/Content/Functions/V2/ConeMask.uasset" 194
"../../../Engine/Plugins/FX/Niagara/Content/Functions/V2/ConeMask.uexp" 195
"../../../Engine/Plugins/FX/Niagara/Content/Modules/Update/Forces/V2/CurlNoiseForce.uasset" 196
"../../../Engine/Plugins/FX/Niagara/Content/Modules/Update/Forces/V2/CurlNoiseForce.uexp" 197
"../../../Engine/Plugins/FX/Niagara/Content/Functions/System/SystemChangeState.uasset" 198
"../../../Engine/Plugins/FX/Niagara/Content/Functions/System/SystemChangeState.uexp" 199
"../../../Engine/Plugins/FX/Niagara/Content/Modules/System/SystemState.uasset" 200
"../../../Engine/Plugins/FX/Niagara/Content/Modules/System/SystemState.uexp" 201
"../../../Engine/Plugins/FX/Niagara/Content/Modules/Update/Color/Color.uasset" 202
"../../../Engine/Plugins/FX/Niagara/Content/Modules/Update/Color/Color.uexp" 203
"../../../Engine/Plugins/FX/Niagara/Content/DynamicInputs/TypeConversions/Vector2DFromFloat.uasset" 204
"../../../Engine/Plugins/FX/Niagara/Content/DynamicInputs/TypeConversions/Vector2DFromFloat.uexp" 205
"C:/Users/Antonio/Master/VR/Unreal Projects/BeatSaber-like/Content/Materials/NS_Laser.uasset" 206
"C:/Users/Antonio/Master/VR/Unreal Projects/BeatSaber-like/Content/Materials/NS_Laser.uexp" 207
"C:/Users/Antonio/Master/VR/Unreal Projects/BeatSaber-like/Content/Materials/OrangeMaterial.uasset" 208
"C:/Users/Antonio/Master/VR/Unreal Projects/BeatSaber-like/Content/Materials/OrangeMaterial.uexp" 209
"C:/Users/Antonio/Master/VR/Unreal Projects/BeatSaber-like/Content/Materials/PurpleMaterial.uasset" 210
"C:/Users/Antonio/Master/VR/Unreal Projects/BeatSaber-like/Content/Materials/PurpleMaterial.uexp" 211
"C:/Users/Antonio/Master/VR/Unreal Projects/BeatSaber-like/Content/Materials/M_Particles.uasset" 212
"C:/Users/Antonio/Master/VR/Unreal Projects/BeatSaber-like/Content/Materials/M_Particles.uexp" 213
"C:/Users/Antonio/Master/VR/Unreal Projects/BeatSaber-like/Content/Materials/P_ParticulasSable.uasset" 214
"C:/Users/Antonio/Master/VR/Unreal Projects/BeatSaber-like/Content/Materials/P_ParticulasSable.uexp" 215
"../../../Engine/Content/Animation/DefaultAnimBoneCompressionSettings.uasset" 216
"../../../Engine/Content/Animation/DefaultAnimBoneCompressionSettings.uexp" 217
"../../../Engine/Content/Animation/DefaultAnimCurveCompressionSettings.uasset" 218
"../../../Engine/Content/Animation/DefaultAnimCurveCompressionSettings.uexp" 219
"../../../Engine/Content/ArtTools/RenderToTexture/Meshes/S_1_Unit_Plane.uasset" 220
"../../../Engine/Content/ArtTools/RenderToTexture/Meshes/S_1_Unit_Plane.uexp" 221
"../../../Engine/Content/BasicShapes/Cone.uasset" 222
"../../../Engine/Content/BasicShapes/Cone.uexp" 223
"../../../Engine/Content/BasicShapes/Plane.uasset" 224
"../../../Engine/Content/BasicShapes/Plane.uexp" 225
"../../../Engine/Content/EditorLandscapeResources/DataLayer.uasset" 226
"../../../Engine/Content/EditorLandscapeResources/DataLayer.uexp" 227
"../../../Engine/Content/EditorLandscapeResources/DefaultAlphaTexture.uasset" 228
"../../../Engine/Content/EditorLandscapeResources/DefaultAlphaTexture.uexp" 229
"../../../Engine/Content/EditorMaterials/MAT_Groups_Toggle.uasset" 230
"../../../Engine/Content/EditorMaterials/MAT_Groups_Toggle.uexp" 231
"../../../Engine/Content/EditorMaterials/MAT_Groups_Visibility.uasset" 232
"../../../Engine/Content/EditorMaterials/MAT_Groups_Visibility.uexp" 233
"../../../Engine/Content/EditorMaterials/PreviewShadowIndicator.uasset" 234
"../../../Engine/Content/EditorMaterials/PreviewShadowIndicator.uexp" 235
"../../../Engine/Content/EditorMaterials/PreviewShadowIndicator.ubulk" 236
"../../../Engine/Content/EditorMaterials/PreviewShadowIndicatorMaterial.uasset" 237
"../../../Engine/Content/EditorMaterials/PreviewShadowIndicatorMaterial.uexp" 238
"../../../Engine/Content/EditorMaterials/MatineeGroups/MAT_ColorTrack.uasset" 239
"../../../Engine/Content/EditorMaterials/MatineeGroups/MAT_ColorTrack.uexp" 240
"../../../Engine/Content/EditorMaterials/MatineeGroups/MAT_Groups_Anim.uasset" 241
"../../../Engine/Content/EditorMaterials/MatineeGroups/MAT_Groups_Anim.uexp" 242
"../../../Engine/Content/EditorMaterials/MatineeGroups/MAT_Groups_AudioMaster.uasset" 243
"../../../Engine/Content/EditorMaterials/MatineeGroups/MAT_Groups_AudioMaster.uexp" 244
"../../../Engine/Content/EditorMaterials/MatineeGroups/MAT_Groups_Director.uasset" 245
"../../../Engine/Content/EditorMaterials/MatineeGroups/MAT_Groups_Director.uexp" 246
"../../../Engine/Content/EditorMaterials/MatineeGroups/MAT_Groups_Event.uasset" 247
"../../../Engine/Content/EditorMaterials/MatineeGroups/MAT_Groups_Event.uexp" 248
"../../../Engine/Content/EditorMaterials/MatineeGroups/MAT_Groups_Fade.uasset" 249
"../../../Engine/Content/EditorMaterials/MatineeGroups/MAT_Groups_Fade.uexp" 250
"../../../Engine/Content/EditorMaterials/MatineeGroups/MAT_Groups_Float.uasset" 251
"../../../Engine/Content/EditorMaterials/MatineeGroups/MAT_Groups_Float.uexp" 252
"../../../Engine/Content/EditorMaterials/MatineeGroups/MAT_Groups_Move.uasset" 253
"../../../Engine/Content/EditorMaterials/MatineeGroups/MAT_Groups_Move.uexp" 254
"../../../Engine/Content/EditorMaterials/MatineeGroups/MAT_Groups_Slomo.uasset" 255
"../../../Engine/Content/EditorMaterials/MatineeGroups/MAT_Groups_Slomo.uexp" 256
"../../../Engine/Content/EditorMaterials/MatineeGroups/MAT_Groups_Sound.uasset" 257
"../../../Engine/Content/EditorMaterials/MatineeGroups/MAT_Groups_Sound.uexp" 258
"../../../Engine/Content/EditorMaterials/MatineeGroups/MAT_Groups_Vector.uasset" 259
"../../../Engine/Content/EditorMaterials/MatineeGroups/MAT_Groups_Vector.uexp" 260
"../../../Engine/Content/EditorMaterials/ParticleSystems/PSysThumbnail_NoImage.uasset" 261
"../../../Engine/Content/EditorMaterials/ParticleSystems/PSysThumbnail_NoImage.uexp" 262
"../../../Engine/Content/EditorMaterials/ParticleSystems/PSysThumbnail_NoImage.ubulk" 263
"../../../Engine/Content/EditorMaterials/ParticleSystems/PSysThumbnail_OOD.uasset" 264
"../../../Engine/Content/EditorMaterials/ParticleSystems/PSysThumbnail_OOD.uexp" 265
"../../../Engine/Content/EditorMaterials/ParticleSystems/PSysThumbnail_OOD.ubulk" 266
"../../../Engine/Content/EditorMaterials/Camera/CineMat.uasset" 267
"../../../Engine/Content/EditorMaterials/Camera/CineMat.uexp" 268
"../../../Engine/Content/EditorMaterials/Camera/MI_CineMat_Rig.uasset" 269
"../../../Engine/Content/EditorMaterials/Camera/MI_CineMat_Rig.uexp" 270
"../../../Engine/Content/EditorMeshes/Camera/SM_CraneRig_Arm.uasset" 271
"../../../Engine/Content/EditorMeshes/Camera/SM_CraneRig_Arm.uexp" 272
"../../../Engine/Content/EditorMeshes/Camera/SM_CraneRig_Base.uasset" 273
"../../../Engine/Content/EditorMeshes/Camera/SM_CraneRig_Base.uexp" 274
"../../../Engine/Content/EditorMeshes/Camera/SM_CraneRig_Body.uasset" 275
"../../../Engine/Content/EditorMeshes/Camera/SM_CraneRig_Body.uexp" 276
"../../../Engine/Content/EditorMeshes/Camera/SM_CraneRig_Mount.uasset" 277
"../../../Engine/Content/EditorMeshes/Camera/SM_CraneRig_Mount.uexp" 278
"../../../Engine/Content/EditorMeshes/Camera/SM_RailRig_Mount.uasset" 279
"../../../Engine/Content/EditorMeshes/Camera/SM_RailRig_Mount.uexp" 280
"../../../Engine/Content/EditorMeshes/Camera/SM_RailRig_Track.uasset" 281
"../../../Engine/Content/EditorMeshes/Camera/SM_RailRig_Track.uexp" 282
"../../../Engine/Content/EditorResources/BSPVertex.uasset" 283
"../../../Engine/Content/EditorResources/BSPVertex.uexp" 284
"../../../Engine/Content/EditorResources/EmptyActor.uasset" 285
"../../../Engine/Content/EditorResources/EmptyActor.uexp" 286
"../../../Engine/Content/EditorResources/S_Actor.uasset" 287
"../../../Engine/Content/EditorResources/S_Actor.uexp" 288
"../../../Engine/Content/EditorResources/S_Actor.ubulk" 289
"../../../Engine/Content/EditorResources/S_Note.uasset" 290
"../../../Engine/Content/EditorResources/S_Note.uexp" 291
"../../../Engine/Content/EditorResources/S_Note.ubulk" 292
"../../../Engine/Content/EditorResources/S_Solver.uasset" 293
"../../../Engine/Content/EditorResources/S_Solver.uexp" 294
"../../../Engine/Content/EditorResources/S_Solver.ubulk" 295
"../../../Engine/Content/EditorResources/S_Terrain.uasset" 296
"../../../Engine/Content/EditorResources/S_Terrain.uexp" 297
"../../../Engine/Content/EditorResources/S_Terrain.ubulk" 298
"../../../Engine/Content/EditorResources/S_Trigger.uasset" 299
"../../../Engine/Content/EditorResources/S_Trigger.uexp" 300
"../../../Engine/Content/EditorResources/S_Trigger.ubulk" 301
"../../../Engine/Content/EditorResources/LightIcons/S_LightError.uasset" 302
"../../../Engine/Content/EditorResources/LightIcons/S_LightError.uexp" 303
"../../../Engine/Content/EditorResources/SequenceRecorder/Countdown.uasset" 304
"../../../Engine/Content/EditorResources/SequenceRecorder/Countdown.uexp" 305
"../../../Engine/Content/EditorResources/SequenceRecorder/RecordingIndicator.uasset" 306
"../../../Engine/Content/EditorResources/SequenceRecorder/RecordingIndicator.uexp" 307
"../../../Engine/Content/EngineDamageTypes/DmgTypeBP_Environmental.uasset" 308
"../../../Engine/Content/EngineDamageTypes/DmgTypeBP_Environmental.uexp" 309
"../../../Engine/Content/EngineDebugMaterials/DebugEditorMaterial.uasset" 310
"../../../Engine/Content/EngineDebugMaterials/DebugEditorMaterial.uexp" 311
"../../../Engine/Content/EngineDebugMaterials/DebugMeshMaterial.uasset" 312
"../../../Engine/Content/EngineDebugMaterials/DebugMeshMaterial.uexp" 313
"../../../Engine/Content/EngineDebugMaterials/M_SimpleUnlitTranslucent.uasset" 314
"../../../Engine/Content/EngineDebugMaterials/M_SimpleUnlitTranslucent.uexp" 315
"../../../Engine/Content/EngineDebugMaterials/VolumeToRender.uasset" 316
"../../../Engine/Content/EngineDebugMaterials/VolumeToRender.uexp" 317
"../../../Engine/Content/Functions/Engine_MaterialFunctions02/Utility/CameraDirectionVector.uasset" 318
"../../../Engine/Content/Functions/Engine_MaterialFunctions02/Utility/CameraDirectionVector.uexp" 319
"../../../Engine/Content/EngineDebugMaterials/M_VolumeRenderSphereTracePP.uasset" 320
"../../../Engine/Content/EngineDebugMaterials/M_VolumeRenderSphereTracePP.uexp" 321
"../../../Engine/Content/Functions/Engine_MaterialFunctions01/Shading/ConvertFromDiffSpec.uasset" 322
"../../../Engine/Content/Functions/Engine_MaterialFunctions01/Shading/ConvertFromDiffSpec.uexp" 323
"../../../Engine/Content/EngineDebugMaterials/VertexColorMaterial.uasset" 324
"../../../Engine/Content/EngineDebugMaterials/VertexColorMaterial.uexp" 325
"../../../Engine/Content/EngineDebugMaterials/WireframeMaterial.uasset" 326
"../../../Engine/Content/EngineDebugMaterials/WireframeMaterial.uexp" 327
"../../../Engine/Content/EngineFonts/Faces/RobotoRegular.uasset" 328
"../../../Engine/Content/EngineFonts/Faces/RobotoRegular.uexp" 329
"../../../Engine/Content/EngineFonts/Faces/RobotoRegular.ufont" 330
"../../../Engine/Content/EngineFonts/Faces/RobotoLight.uasset" 331
"../../../Engine/Content/EngineFonts/Faces/RobotoLight.uexp" 332
"../../../Engine/Content/EngineFonts/Faces/RobotoLight.ufont" 333
"../../../Engine/Content/EngineFonts/Faces/RobotoItalic.uasset" 334
"../../../Engine/Content/EngineFonts/Faces/RobotoItalic.uexp" 335
"../../../Engine/Content/EngineFonts/Faces/RobotoItalic.ufont" 336
"../../../Engine/Content/EngineFonts/Faces/RobotoBoldItalic.uasset" 337
"../../../Engine/Content/EngineFonts/Faces/RobotoBoldItalic.uexp" 338
"../../../Engine/Content/EngineFonts/Faces/RobotoBoldItalic.ufont" 339
"../../../Engine/Content/EngineFonts/Faces/RobotoBold.uasset" 340
"../../../Engine/Content/EngineFonts/Faces/RobotoBold.uexp" 341
"../../../Engine/Content/EngineFonts/Faces/RobotoBold.ufont" 342
"../../../Engine/Content/EngineFonts/Faces/DroidSansFallback.uasset" 343
"../../../Engine/Content/EngineFonts/Faces/DroidSansFallback.uexp" 344
"../../../Engine/Content/EngineFonts/Faces/DroidSansFallback.ufont" 345
"../../../Engine/Content/EngineFonts/Roboto.uasset" 346
"../../../Engine/Content/EngineFonts/Roboto.uexp" 347
"../../../Engine/Content/EngineMaterials/BaseFlattenNormalMap.uasset" 348
"../../../Engine/Content/EngineMaterials/BaseFlattenNormalMap.uexp" 349
"../../../Engine/Content/EngineMaterials/BaseFlattenGrayscaleMap.uasset" 350
"../../../Engine/Content/EngineMaterials/BaseFlattenGrayscaleMap.uexp" 351
"../../../Engine/Content/EngineMaterials/BaseFlattenEmissiveMap.uasset" 352
"../../../Engine/Content/EngineMaterials/BaseFlattenEmissiveMap.uexp" 353
"../../../Engine/Content/EngineMaterials/BaseFlattenDiffuseMap.uasset" 354
"../../../Engine/Content/EngineMaterials/BaseFlattenDiffuseMap.uexp" 355
"../../../Engine/Content/EngineMaterials/BaseFlattenMaterial.uasset" 356
"../../../Engine/Content/EngineMaterials/BaseFlattenMaterial.uexp" 357
"../../../Engine/Content/EngineMaterials/BlueNoise.uasset" 358
"../../../Engine/Content/EngineMaterials/BlueNoise.uexp" 359
"../../../Engine/Content/EngineMaterials/DefaultBloomKernel.uasset" 360
"../../../Engine/Content/EngineMaterials/DefaultBloomKernel.uexp" 361
"../../../Engine/Content/EngineMaterials/DefaultBokeh.uasset" 362
"../../../Engine/Content/EngineMaterials/DefaultBokeh.uexp" 363
"../../../Engine/Content/EngineMaterials/DefaultDiffuse.uasset" 364
"../../../Engine/Content/EngineMaterials/DefaultDiffuse.uexp" 365
"../../../Engine/Content/EngineMaterials/DefaultDiffuse.ubulk" 366
"../../../Engine/Content/EngineMaterials/DefaultDeferredDecalMaterial.uasset" 367
"../../../Engine/Content/EngineMaterials/DefaultDeferredDecalMaterial.uexp" 368
"../../../Engine/Content/EngineMaterials/DefaultLightFunctionMaterial.uasset" 369
"../../../Engine/Content/EngineMaterials/DefaultLightFunctionMaterial.uexp" 370
"../../../Engine/Content/EngineMaterials/DefaultPhysicalMaterial.uasset" 371
"../../../Engine/Content/EngineMaterials/DefaultPhysicalMaterial.uexp" 372
"../../../Engine/Content/Functions/Engine_MaterialFunctions02/Utility/BreakOutFloat2Components.uasset" 373
"../../../Engine/Content/Functions/Engine_MaterialFunctions02/Utility/BreakOutFloat2Components.uexp" 374
"../../../Engine/Content/EngineMaterials/DefaultPostProcessMaterial.uasset" 375
"../../../Engine/Content/EngineMaterials/DefaultPostProcessMaterial.uexp" 376
"../../../Engine/Content/EngineFonts/RobotoDistanceField.uasset" 377
"../../../Engine/Content/EngineFonts/RobotoDistanceField.uexp" 378
"../../../Engine/Content/EngineMaterials/DefaultTextMaterialOpaque.uasset" 379
"../../../Engine/Content/EngineMaterials/DefaultTextMaterialOpaque.uexp" 380
"../../../Engine/Content/EngineMaterials/DefaultWhiteGrid.uasset" 381
"../../../Engine/Content/EngineMaterials/DefaultWhiteGrid.uexp" 382
"../../../Engine/Content/EngineMaterials/DefaultWhiteGrid.ubulk" 383
"../../../Engine/Content/EngineMaterials/DefaultWhiteGrid_Low.uasset" 384
"../../../Engine/Content/EngineMaterials/DefaultWhiteGrid_Low.uexp" 385
"../../../Engine/Content/EngineMaterials/EmissiveMeshMaterial.uasset" 386
"../../../Engine/Content/EngineMaterials/EmissiveMeshMaterial.uexp" 387
"../../../Engine/Content/EngineMaterials/GizmoMaterial.uasset" 388
"../../../Engine/Content/EngineMaterials/GizmoMaterial.uexp" 389
"../../../Engine/Content/EngineMaterials/Good64x64TilingNoiseHighFreq.uasset" 390
"../../../Engine/Content/EngineMaterials/Good64x64TilingNoiseHighFreq.uexp" 391
"../../../Engine/Content/EngineMaterials/MiniFont.uasset" 392
"../../../Engine/Content/EngineMaterials/MiniFont.uexp" 393
"../../../Engine/Content/EngineMaterials/InvalidLightmapSettings.uasset" 394
"../../../Engine/Content/EngineMaterials/InvalidLightmapSettings.uexp" 395
"../../../Engine/Content/EngineMaterials/InvalidLightmapSettings.ubulk" 396
"../../../Engine/Content/EngineMaterials/M_InvalidLightmapSettings.uasset" 397
"../../../Engine/Content/EngineMaterials/M_InvalidLightmapSettings.uexp" 398
"../../../Engine/Content/Functions/Engine_MaterialFunctions02/WorldPositionOffset/CameraOffset.uasset" 399
"../../../Engine/Content/Functions/Engine_MaterialFunctions02/WorldPositionOffset/CameraOffset.uexp" 400
"../../../Engine/Content/EngineMaterials/PhAT_JointLimitMaterial.uasset" 401
"../../../Engine/Content/EngineMaterials/PhAT_JointLimitMaterial.uexp" 402
"../../../Engine/Content/EngineMaterials/DefaultCalibrationColor.uasset" 403
"../../../Engine/Content/EngineMaterials/DefaultCalibrationColor.uexp" 404
"../../../Engine/Content/EngineMaterials/PPM_DefaultCalibrationColor.uasset" 405
"../../../Engine/Content/EngineMaterials/PPM_DefaultCalibrationColor.uexp" 406
"../../../Engine/Content/EngineMaterials/DefaultCalibrationGrayscale.uasset" 407
"../../../Engine/Content/EngineMaterials/DefaultCalibrationGrayscale.uexp" 408
"../../../Engine/Content/EngineMaterials/PPM_DefaultCalibrationGrayscale.uasset" 409
"../../../Engine/Content/EngineMaterials/PPM_DefaultCalibrationGrayscale.uexp" 410
"../../../Engine/Content/EngineMaterials/PreintegratedSkinBRDF.uasset" 411
"../../../Engine/Content/EngineMaterials/PreintegratedSkinBRDF.uexp" 412
"../../../Engine/Content/EngineMaterials/RemoveSurfaceMaterial.uasset" 413
"../../../Engine/Content/EngineMaterials/RemoveSurfaceMaterial.uexp" 414
"../../../Engine/Content/EngineMaterials/WeightMapPlaceholderTexture.uasset" 415
"../../../Engine/Content/EngineMaterials/WeightMapPlaceholderTexture.uexp" 416
"../../../Engine/Content/EngineResources/WhiteSquareTexture.uasset" 417
"../../../Engine/Content/EngineResources/WhiteSquareTexture.uexp" 418
"../../../Engine/Content/EngineMaterials/Widget3DPassThrough.uasset" 419
"../../../Engine/Content/EngineMaterials/Widget3DPassThrough.uexp" 420
"../../../Engine/Content/EngineMaterials/Widget3DPassThrough_Masked.uasset" 421
"../../../Engine/Content/EngineMaterials/Widget3DPassThrough_Masked.uexp" 422
"../../../Engine/Content/EngineMaterials/Widget3DPassThrough_Opaque.uasset" 423
"../../../Engine/Content/EngineMaterials/Widget3DPassThrough_Opaque.uexp" 424
"../../../Engine/Content/EngineMaterials/Widget3DPassThrough_Masked_OneSided.uasset" 425
"../../../Engine/Content/EngineMaterials/Widget3DPassThrough_Masked_OneSided.uexp" 426
"../../../Engine/Content/EngineMaterials/Widget3DPassThrough_Opaque_OneSided.uasset" 427
"../../../Engine/Content/EngineMaterials/Widget3DPassThrough_Opaque_OneSided.uexp" 428
"../../../Engine/Content/EngineMaterials/Widget3DPassThrough_Translucent.uasset" 429
"../../../Engine/Content/EngineMaterials/Widget3DPassThrough_Translucent.uexp" 430
"../../../Engine/Content/EngineMaterials/Widget3DPassThrough_Translucent_OneSided.uasset" 431
"../../../Engine/Content/EngineMaterials/Widget3DPassThrough_Translucent_OneSided.uexp" 432
"../../../Engine/Content/EngineMeshes/Cylinder.uasset" 433
"../../../Engine/Content/EngineMeshes/Cylinder.uexp" 434
"../../../Engine/Content/EngineMeshes/Sphere.uasset" 435
"../../../Engine/Content/EngineMeshes/Sphere.uexp" 436
"../../../Engine/Content/EngineResources/DefaultTexture.uasset" 437
"../../../Engine/Content/EngineResources/DefaultTexture.uexp" 438
"../../../Engine/Content/EngineResources/DefaultTexture.ubulk" 439
"../../../Engine/Content/EngineResources/DefaultTextureCube.uasset" 440
"../../../Engine/Content/EngineResources/DefaultTextureCube.uexp" 441
"../../../Engine/Content/EngineResources/DefaultVolumeTexture2D.uasset" 442
"../../../Engine/Content/EngineResources/DefaultVolumeTexture2D.uexp" 443
"../../../Engine/Content/EngineResources/DefaultVolumeTexture.uasset" 444
"../../../Engine/Content/EngineResources/DefaultVolumeTexture.uexp" 445
"../../../Engine/Content/EngineResources/GradientTexture0.uasset" 446
"../../../Engine/Content/EngineResources/GradientTexture0.uexp" 447
"../../../Engine/Content/EngineSky/VolumetricClouds/T_NoiseShape64.uasset" 448
"../../../Engine/Content/EngineSky/VolumetricClouds/T_NoiseShape64.uexp" 449
"../../../Engine/Content/EngineSky/VolumetricClouds/T_NoiseShape64.ubulk" 450
"../../../Engine/Content/EngineSky/VolumetricClouds/T_VolumeNoiseShape64.uasset" 451
"../../../Engine/Content/EngineSky/VolumetricClouds/T_VolumeNoiseShape64.uexp" 452
"../../../Engine/Content/EngineSky/VolumetricClouds/T_NoiseErosion.uasset" 453
"../../../Engine/Content/EngineSky/VolumetricClouds/T_NoiseErosion.uexp" 454
"../../../Engine/Content/EngineSky/VolumetricClouds/T_NoiseErosion.ubulk" 455
"../../../Engine/Content/EngineSky/VolumetricClouds/T_VolumeNoiseErosion32.uasset" 456
"../../../Engine/Content/EngineSky/VolumetricClouds/T_VolumeNoiseErosion32.uexp" 457
"../../../Engine/Content/EngineSky/VolumetricClouds/CloudWeatherTexture.uasset" 458
"../../../Engine/Content/EngineSky/VolumetricClouds/CloudWeatherTexture.uexp" 459
"../../../Engine/Content/EngineSky/VolumetricClouds/CloudGradientTexture.uasset" 460
"../../../Engine/Content/EngineSky/VolumetricClouds/CloudGradientTexture.uexp" 461
"../../../Engine/Content/Functions/Engine_MaterialFunctions02/Utility/MakeFloat2.uasset" 462
"../../../Engine/Content/Functions/Engine_MaterialFunctions02/Utility/MakeFloat2.uexp" 463
"../../../Engine/Content/EngineSky/VolumetricClouds/m_SimpleVolumetricCloud.uasset" 464
"../../../Engine/Content/EngineSky/VolumetricClouds/m_SimpleVolumetricCloud.uexp" 465
"../../../Engine/Content/EngineSky/VolumetricClouds/m_SimpleVolumetricCloud_Inst.uasset" 466
"../../../Engine/Content/EngineSky/VolumetricClouds/m_SimpleVolumetricCloud_Inst.uexp" 467
"../../../Engine/Content/EngineSounds/Master.uasset" 468
"../../../Engine/Content/EngineSounds/Master.uexp" 469
"../../../Engine/Content/Functions/Engine_MaterialFunctions01/Shading/PowerToRoughness.uasset" 470
"../../../Engine/Content/Functions/Engine_MaterialFunctions01/Shading/PowerToRoughness.uexp" 471
"../../../Engine/Content/Maps/Templates/Thumbnails/Default.uasset" 472
"../../../Engine/Content/Maps/Templates/Thumbnails/Default.uexp" 473
"../../../Engine/Content/Maps/Templates/Thumbnails/TimeOfDay.uasset" 474
"../../../Engine/Content/Maps/Templates/Thumbnails/TimeOfDay.uexp" 475
"../../../Engine/Content/Maps/Templates/Thumbnails/VR-Basic.uasset" 476
"../../../Engine/Content/Maps/Templates/Thumbnails/VR-Basic.uexp" 477
"../../../Engine/Content/MobileResources/T_MobileControls_texture.uasset" 478
"../../../Engine/Content/MobileResources/T_MobileControls_texture.uexp" 479
"../../../Engine/Content/MobileResources/T_MobileMenu2.uasset" 480
"../../../Engine/Content/MobileResources/T_MobileMenu2.uexp" 481
"../../../Engine/Content/MobileResources/HUD/AnalogHat.uasset" 482
"../../../Engine/Content/MobileResources/HUD/AnalogHat.uexp" 483
"../../../Engine/Content/MobileResources/HUD/VirtualJoystick_Thumb.uasset" 484
"../../../Engine/Content/MobileResources/HUD/VirtualJoystick_Thumb.uexp" 485
"../../../Engine/Content/MobileResources/HUD/VirtualJoystick_Background.uasset" 486
"../../../Engine/Content/MobileResources/HUD/VirtualJoystick_Background.uexp" 487
"../../../Engine/Content/MobileResources/HUD/DefaultVirtualJoysticks.uasset" 488
"../../../Engine/Content/MobileResources/HUD/DefaultVirtualJoysticks.uexp" 489
"../../../Engine/Content/MobileResources/HUD/LeftVirtualJoystickOnly.uasset" 490
"../../../Engine/Content/MobileResources/HUD/LeftVirtualJoystickOnly.uexp" 491
"../../../Engine/Content/MobileResources/HUD/MobileHUDButton1_off.uasset" 492
"../../../Engine/Content/MobileResources/HUD/MobileHUDButton1_off.uexp" 493
"../../../Engine/Content/MobileResources/HUD/MobileHUDButton1_on.uasset" 494
"../../../Engine/Content/MobileResources/HUD/MobileHUDButton1_on.uexp" 495
"../../../Engine/Content/MobileResources/HUD/MobileHUDButton2_off.uasset" 496
"../../../Engine/Content/MobileResources/HUD/MobileHUDButton2_off.uexp" 497
"../../../Engine/Content/MobileResources/HUD/MobileHUDButton2_on.uasset" 498
"../../../Engine/Content/MobileResources/HUD/MobileHUDButton2_on.uexp" 499
"../../../Engine/Content/MobileResources/HUD/MobileHUDButton3.uasset" 500
"../../../Engine/Content/MobileResources/HUD/MobileHUDButton3.uexp" 501
"../../../Engine/Content/MobileResources/HUD/MobileHUDButtonFire.uasset" 502
"../../../Engine/Content/MobileResources/HUD/MobileHUDButtonFire.uexp" 503
"../../../Engine/Content/MobileResources/HUD/MobileHUDDirectionPad.uasset" 504
"../../../Engine/Content/MobileResources/HUD/MobileHUDDirectionPad.uexp" 505
"../../../Engine/Content/MobileResources/HUD/MobileHUDDirectionPad2.uasset" 506
"../../../Engine/Content/MobileResources/HUD/MobileHUDDirectionPad2.uexp" 507
"../../../Engine/Content/MobileResources/HUD/MobileHUDDirectionPad3.uasset" 508
"../../../Engine/Content/MobileResources/HUD/MobileHUDDirectionPad3.uexp" 509
"../../../Engine/Content/MobileResources/HUD/MobileHUDDirectionStick.uasset" 510
"../../../Engine/Content/MobileResources/HUD/MobileHUDDirectionStick.uexp" 511
"../../../Engine/Content/MobileResources/HUD/T_Castle_ThumbstickInner.uasset" 512
"../../../Engine/Content/MobileResources/HUD/T_Castle_ThumbstickInner.uexp" 513
"../../../Engine/Content/MobileResources/HUD/T_Castle_ThumbstickOutter.uasset" 514
"../../../Engine/Content/MobileResources/HUD/T_Castle_ThumbstickOutter.uexp" 515
"../../../Engine/Content/Tutorial/ContentIntroCurve.uasset" 516
"../../../Engine/Content/Tutorial/ContentIntroCurve.uexp" 517
"../../../Engine/Content/Tutorial/Basics/TutorialAssets/icon_tab_Levels_40x.uasset" 518
"../../../Engine/Content/Tutorial/Basics/TutorialAssets/icon_tab_Levels_40x.uexp" 519
"../../../Engine/Content/Tutorial/BlueprintTutorials/TutorialAssets/Blueprint_64x.uasset" 520
"../../../Engine/Content/Tutorial/BlueprintTutorials/TutorialAssets/Blueprint_64x.uexp" 521
"../../../Engine/Content/VREditor/LaserPointer/VR_LaserPower_01.uasset" 522
"../../../Engine/Content/VREditor/LaserPointer/VR_LaserPower_01.uexp" 523
"../../../Engine/Content/VREditor/LaserPointer/VR_LaserPower_01.ubulk" 524
"../../../Engine/Content/VREditor/TransformGizmo/TransformGizmoMaterial.uasset" 525
"../../../Engine/Content/VREditor/TransformGizmo/TransformGizmoMaterial.uexp" 526
"../../../Engine/Content/VREditor/TransformGizmo/TranslucentTransformGizmoMaterial.uasset" 527
"../../../Engine/Content/VREditor/TransformGizmo/TranslucentTransformGizmoMaterial.uexp" 528
"../../../Engine/Content/VREditor/TransformGizmo/BoundingBoxCorner.uasset" 529
"../../../Engine/Content/VREditor/TransformGizmo/BoundingBoxCorner.uexp" 530
"../../../Engine/Content/VREditor/TransformGizmo/BoundingBoxEdge.uasset" 531
"../../../Engine/Content/VREditor/TransformGizmo/BoundingBoxEdge.uexp" 532
"../../../Engine/Content/VREditor/TransformGizmo/PlaneTranslationHandle.uasset" 533
"../../../Engine/Content/VREditor/TransformGizmo/PlaneTranslationHandle.uexp" 534
"../../../Engine/Content/VREditor/TransformGizmo/Xray.uasset" 535
"../../../Engine/Content/VREditor/TransformGizmo/Xray.uexp" 536
"../../../Engine/Content/VREditor/TransformGizmo/Main.uasset" 537
"../../../Engine/Content/VREditor/TransformGizmo/Main.uexp" 538
"../../../Engine/Content/VREditor/TransformGizmo/SM_Sequencer_Key.uasset" 539
"../../../Engine/Content/VREditor/TransformGizmo/SM_Sequencer_Key.uexp" 540
"../../../Engine/Content/VREditor/TransformGizmo/SM_Sequencer_Node.uasset" 541
"../../../Engine/Content/VREditor/TransformGizmo/SM_Sequencer_Node.uexp" 542
"../../../Engine/Plugins/2D/Paper2D/Content/PlaceholderTextures/DummySpriteTexture.uasset" 543
"../../../Engine/Plugins/2D/Paper2D/Content/PlaceholderTextures/DummySpriteTexture.uexp" 544
"../../../Engine/Plugins/2D/Paper2D/Content/PlaceholderTextures/DummySpriteTexture.ubulk" 545
"../../../Engine/Plugins/2D/Paper2D/Content/DummySprite.uasset" 546
"../../../Engine/Plugins/2D/Paper2D/Content/DummySprite.uexp" 547
"../../../Engine/Plugins/2D/Paper2D/Content/DefaultPaperTerrainMaterial.uasset" 548
"../../../Engine/Plugins/2D/Paper2D/Content/DefaultPaperTerrainMaterial.uexp" 549
"../../../Engine/Plugins/2D/Paper2D/Content/DefaultSpriteMaterial.uasset" 550
"../../../Engine/Plugins/2D/Paper2D/Content/DefaultSpriteMaterial.uexp" 551
"../../../Engine/Plugins/2D/Paper2D/Content/MaskedUnlitSpriteMaterial.uasset" 552
"../../../Engine/Plugins/2D/Paper2D/Content/MaskedUnlitSpriteMaterial.uexp" 553
"../../../Engine/Plugins/2D/Paper2D/Content/OpaqueUnlitSpriteMaterial.uasset" 554
"../../../Engine/Plugins/2D/Paper2D/Content/OpaqueUnlitSpriteMaterial.uexp" 555
"../../../Engine/Content/Functions/Engine_MaterialFunctions02/Utility/BreakOutFloat3Components.uasset" 556
"../../../Engine/Content/Functions/Engine_MaterialFunctions02/Utility/BreakOutFloat3Components.uexp" 557
"../../../Engine/Plugins/Editor/SpeedTreeImporter/Content/SpeedTree9/UnpackInteger3.uasset" 558
"../../../Engine/Plugins/Editor/SpeedTreeImporter/Content/SpeedTree9/UnpackInteger3.uexp" 559
"../../../Engine/Plugins/Editor/SpeedTreeImporter/Content/SpeedTree9/UnpackDirection.uasset" 560
"../../../Engine/Plugins/Editor/SpeedTreeImporter/Content/SpeedTree9/UnpackDirection.uexp" 561
"../../../Engine/Plugins/Editor/SpeedTreeImporter/Content/SpeedTree9/game_wind_noise.uasset" 562
"../../../Engine/Plugins/Editor/SpeedTreeImporter/Content/SpeedTree9/game_wind_noise.uexp" 563
"../../../Engine/Plugins/Editor/SpeedTreeImporter/Content/SpeedTree9/game_wind_noise.ubulk" 564
"../../../Engine/Content/Functions/Engine_MaterialFunctions02/SafeNormalize.uasset" 565
"../../../Engine/Content/Functions/Engine_MaterialFunctions02/SafeNormalize.uexp" 566
"../../../Engine/Plugins/Editor/SpeedTreeImporter/Content/SpeedTree9/SpeedTreeWindMotion.uasset" 567
"../../../Engine/Plugins/Editor/SpeedTreeImporter/Content/SpeedTree9/SpeedTreeWindMotion.uexp" 568
"../../../Engine/Plugins/Editor/SpeedTreeImporter/Content/SpeedTree9/SpeedTreeBranchMotion.uasset" 569
"../../../Engine/Plugins/Editor/SpeedTreeImporter/Content/SpeedTree9/SpeedTreeBranchMotion.uexp" 570
"../../../Engine/Content/Functions/Engine_MaterialFunctions02/ObjectLocalBounds.uasset" 571
"../../../Engine/Content/Functions/Engine_MaterialFunctions02/ObjectLocalBounds.uexp" 572
"../../../Engine/Content/Functions/Engine_MaterialFunctions02/UVs/BoundingBoxBased_0-1_UVW.uasset" 573
"../../../Engine/Content/Functions/Engine_MaterialFunctions02/UVs/BoundingBoxBased_0-1_UVW.uexp" 574
"../../../Engine/Content/Functions/Engine_MaterialFunctions02/Utility/VectorLength.uasset" 575
"../../../Engine/Content/Functions/Engine_MaterialFunctions02/Utility/VectorLength.uexp" 576
"../../../Engine/Content/Functions/Engine_MaterialFunctions02/WorldPositionOffset/ObjectScale.uasset" 577
"../../../Engine/Content/Functions/Engine_MaterialFunctions02/WorldPositionOffset/ObjectScale.uexp" 578
"../../../Engine/Plugins/Editor/SpeedTreeImporter/Content/SpeedTree9/SpeedTreeWind.uasset" 579
"../../../Engine/Plugins/Editor/SpeedTreeImporter/Content/SpeedTree9/SpeedTreeWind.uexp" 580
"../../../Engine/Plugins/Editor/SpeedTreeImporter/Content/SpeedTree9/SpeedTreeBillboard.uasset" 581
"../../../Engine/Plugins/Editor/SpeedTreeImporter/Content/SpeedTree9/SpeedTreeBillboard.uexp" 582
"../../../Engine/Plugins/Editor/SpeedTreeImporter/Content/SpeedTree9/EmptyNormal.uasset" 583
"../../../Engine/Plugins/Editor/SpeedTreeImporter/Content/SpeedTree9/EmptyNormal.uexp" 584
"../../../Engine/Plugins/Editor/SpeedTreeImporter/Content/SpeedTree9/Empty.uasset" 585
"../../../Engine/Plugins/Editor/SpeedTreeImporter/Content/SpeedTree9/Empty.uexp" 586
"../../../Engine/Plugins/Editor/SpeedTreeImporter/Content/SpeedTree9/SpeedTreeBillboardMaster.uasset" 587
"../../../Engine/Plugins/Editor/SpeedTreeImporter/Content/SpeedTree9/SpeedTreeBillboardMaster.uexp" 588
"../../../Engine/Plugins/Editor/SpeedTreeImporter/Content/SpeedTree9/SpeedTreeCameraFacing.uasset" 589
"../../../Engine/Plugins/Editor/SpeedTreeImporter/Content/SpeedTree9/SpeedTreeCameraFacing.uexp" 590
"../../../Engine/Plugins/Editor/SpeedTreeImporter/Content/SpeedTree9/SpeedTreeMaster.uasset" 591
"../../../Engine/Plugins/Editor/SpeedTreeImporter/Content/SpeedTree9/SpeedTreeMaster.uexp" 592
"../../../Engine/Content/ArtTools/RenderToTexture/Materials/Debug/M_Emissive_Color.uasset" 593
"../../../Engine/Content/ArtTools/RenderToTexture/Materials/Debug/M_Emissive_Color.uexp" 594
"../../../Engine/Plugins/Lumin/MagicLeapPassableWorld/Content/MagicLeapARPinInfoActor.uasset" 595
"../../../Engine/Plugins/Lumin/MagicLeapPassableWorld/Content/MagicLeapARPinInfoActor.uexp" 596
"../../../Engine/Plugins/Runtime/OpenXR/Content/Devices/GoogleDaydream/MRTexture.uasset" 597
"../../../Engine/Plugins/Runtime/OpenXR/Content/Devices/GoogleDaydream/MRTexture.uexp" 598
"../../../Engine/Plugins/Runtime/OpenXR/Content/Devices/GoogleDaydream/MRTexture.ubulk" 599
"../../../Engine/Plugins/Runtime/OpenXR/Content/Devices/GoogleDaydream/BaseTexture.uasset" 600
"../../../Engine/Plugins/Runtime/OpenXR/Content/Devices/GoogleDaydream/BaseTexture.uexp" 601
"../../../Engine/Plugins/Runtime/OpenXR/Content/Devices/GoogleDaydream/BaseTexture.ubulk" 602
"../../../Engine/Content/EngineResources/Black.uasset" 603
"../../../Engine/Content/EngineResources/Black.uexp" 604
"../../../Engine/Plugins/Runtime/OpenXR/Content/Devices/M_XRController.uasset" 605
"../../../Engine/Plugins/Runtime/OpenXR/Content/Devices/M_XRController.uexp" 606
"../../../Engine/Plugins/Runtime/OpenXR/Content/Devices/GoogleDaydream/MI_GoogleDaydream.uasset" 607
"../../../Engine/Plugins/Runtime/OpenXR/Content/Devices/GoogleDaydream/MI_GoogleDaydream.uexp" 608
"../../../Engine/Plugins/Runtime/OpenXR/Content/Devices/GoogleDaydream/GoogleDaydreamController.uasset" 609
"../../../Engine/Plugins/Runtime/OpenXR/Content/Devices/GoogleDaydream/GoogleDaydreamController.uexp" 610
"../../../Engine/Plugins/Runtime/OpenXR/Content/Devices/HTCVive/BaseTexture.uasset" 611
"../../../Engine/Plugins/Runtime/OpenXR/Content/Devices/HTCVive/BaseTexture.uexp" 612
"../../../Engine/Plugins/Runtime/OpenXR/Content/Devices/HTCVive/BaseTexture.ubulk" 613
"../../../Engine/Plugins/Runtime/OpenXR/Content/Devices/HTCVive/MI_HTCVive.uasset" 614
"../../../Engine/Plugins/Runtime/OpenXR/Content/Devices/HTCVive/MI_HTCVive.uexp" 615
"../../../Engine/Plugins/Runtime/OpenXR/Content/Devices/HTCVive/HTCViveController.uasset" 616
"../../../Engine/Plugins/Runtime/OpenXR/Content/Devices/HTCVive/HTCViveController.uexp" 617
"../../../Engine/Plugins/Runtime/OpenXR/Content/Devices/MicrosoftMixedReality/NormalTexture.uasset" 618
"../../../Engine/Plugins/Runtime/OpenXR/Content/Devices/MicrosoftMixedReality/NormalTexture.uexp" 619
"../../../Engine/Plugins/Runtime/OpenXR/Content/Devices/MicrosoftMixedReality/NormalTexture.ubulk" 620
"../../../Engine/Plugins/Runtime/OpenXR/Content/Devices/MicrosoftMixedReality/MRTexture.uasset" 621
"../../../Engine/Plugins/Runtime/OpenXR/Content/Devices/MicrosoftMixedReality/MRTexture.uexp" 622
"../../../Engine/Plugins/Runtime/OpenXR/Content/Devices/MicrosoftMixedReality/MRTexture.ubulk" 623
"../../../Engine/Plugins/Runtime/OpenXR/Content/Devices/MicrosoftMixedReality/EmissiveTexture.uasset" 624
"../../../Engine/Plugins/Runtime/OpenXR/Content/Devices/MicrosoftMixedReality/EmissiveTexture.uexp" 625
"../../../Engine/Plugins/Runtime/OpenXR/Content/Devices/MicrosoftMixedReality/EmissiveTexture.ubulk" 626
"../../../Engine/Plugins/Runtime/OpenXR/Content/Devices/MicrosoftMixedReality/BaseTexture.uasset" 627
"../../../Engine/Plugins/Runtime/OpenXR/Content/Devices/MicrosoftMixedReality/BaseTexture.uexp" 628
"../../../Engine/Plugins/Runtime/OpenXR/Content/Devices/MicrosoftMixedReality/BaseTexture.ubulk" 629
"../../../Engine/Plugins/Runtime/OpenXR/Content/Devices/MicrosoftMixedReality/MI_MicrosoftMixedReality.uasset" 630
"../../../Engine/Plugins/Runtime/OpenXR/Content/Devices/MicrosoftMixedReality/MI_MicrosoftMixedReality.uexp" 631
"../../../Engine/Plugins/Runtime/OpenXR/Content/Devices/MicrosoftMixedReality/Left/left_MicrosoftMixedRealityController.uasset" 632
"../../../Engine/Plugins/Runtime/OpenXR/Content/Devices/MicrosoftMixedReality/Left/left_MicrosoftMixedRealityController.uexp" 633
"../../../Engine/Plugins/Runtime/OpenXR/Content/Devices/MicrosoftMixedReality/Right/right_MicrosoftMixedRealityController.uasset" 634
"../../../Engine/Plugins/Runtime/OpenXR/Content/Devices/MicrosoftMixedReality/Right/right_MicrosoftMixedRealityController.uexp" 635
"../../../Engine/Plugins/Runtime/OpenXR/Content/Devices/OculusGo/BaseTexture.uasset" 636
"../../../Engine/Plugins/Runtime/OpenXR/Content/Devices/OculusGo/BaseTexture.uexp" 637
"../../../Engine/Plugins/Runtime/OpenXR/Content/Devices/OculusGo/BaseTexture.ubulk" 638
"../../../Engine/Plugins/Runtime/OpenXR/Content/Devices/OculusGo/MI_OculusGo.uasset" 639
"../../../Engine/Plugins/Runtime/OpenXR/Content/Devices/OculusGo/MI_OculusGo.uexp" 640
"../../../Engine/Plugins/Runtime/OpenXR/Content/Devices/OculusGo/OculusGoController.uasset" 641
"../../../Engine/Plugins/Runtime/OpenXR/Content/Devices/OculusGo/OculusGoController.uexp" 642
"../../../Engine/Plugins/Runtime/OpenXR/Content/Devices/OculusTouch/MRTexture.uasset" 643
"../../../Engine/Plugins/Runtime/OpenXR/Content/Devices/OculusTouch/MRTexture.uexp" 644
"../../../Engine/Plugins/Runtime/OpenXR/Content/Devices/OculusTouch/MRTexture.ubulk" 645
"../../../Engine/Plugins/Runtime/OpenXR/Content/Devices/OculusTouch/BaseTexture.uasset" 646
"../../../Engine/Plugins/Runtime/OpenXR/Content/Devices/OculusTouch/BaseTexture.uexp" 647
"../../../Engine/Plugins/Runtime/OpenXR/Content/Devices/OculusTouch/BaseTexture.ubulk" 648
"../../../Engine/Plugins/Runtime/OpenXR/Content/Devices/OculusTouch/MI_OculusTouch.uasset" 649
"../../../Engine/Plugins/Runtime/OpenXR/Content/Devices/OculusTouch/MI_OculusTouch.uexp" 650
"../../../Engine/Plugins/Runtime/OpenXR/Content/Devices/OculusTouch/Left/left_OculusTouchController.uasset" 651
"../../../Engine/Plugins/Runtime/OpenXR/Content/Devices/OculusTouch/Left/left_OculusTouchController.uexp" 652
"../../../Engine/Plugins/Runtime/OpenXR/Content/Devices/OculusTouch/Right/right_OculusTouchController.uasset" 653
"../../../Engine/Plugins/Runtime/OpenXR/Content/Devices/OculusTouch/Right/right_OculusTouchController.uexp" 654
"../../../Engine/Plugins/Runtime/OpenXR/Content/Devices/OculusTouch_v2/MRTexture.uasset" 655
"../../../Engine/Plugins/Runtime/OpenXR/Content/Devices/OculusTouch_v2/MRTexture.uexp" 656
"../../../Engine/Plugins/Runtime/OpenXR/Content/Devices/OculusTouch_v2/MRTexture.ubulk" 657
"../../../Engine/Plugins/Runtime/OpenXR/Content/Devices/OculusTouch_v2/BaseTexture.uasset" 658
"../../../Engine/Plugins/Runtime/OpenXR/Content/Devices/OculusTouch_v2/BaseTexture.uexp" 659
"../../../Engine/Plugins/Runtime/OpenXR/Content/Devices/OculusTouch_v2/BaseTexture.ubulk" 660
"../../../Engine/Plugins/Runtime/OpenXR/Content/Devices/OculusTouch_v2/MI_OculusTouch_v2.uasset" 661
"../../../Engine/Plugins/Runtime/OpenXR/Content/Devices/OculusTouch_v2/MI_OculusTouch_v2.uexp" 662
"../../../Engine/Plugins/Runtime/OpenXR/Content/Devices/OculusTouch_v2/Left/left_OculusTouch_v2Controller.uasset" 663
"../../../Engine/Plugins/Runtime/OpenXR/Content/Devices/OculusTouch_v2/Left/left_OculusTouch_v2Controller.uexp" 664
"../../../Engine/Plugins/Runtime/OpenXR/Content/Devices/OculusTouch_v2/Right/right_OculusTouch_v2Controller.uasset" 665
"../../../Engine/Plugins/Runtime/OpenXR/Content/Devices/OculusTouch_v2/Right/right_OculusTouch_v2Controller.uexp" 666
"../../../Engine/Plugins/Runtime/OpenXR/Content/Devices/OculusTouch_v3/MRTexture.uasset" 667
"../../../Engine/Plugins/Runtime/OpenXR/Content/Devices/OculusTouch_v3/MRTexture.uexp" 668
"../../../Engine/Plugins/Runtime/OpenXR/Content/Devices/OculusTouch_v3/MRTexture.ubulk" 669
"../../../Engine/Plugins/Runtime/OpenXR/Content/Devices/OculusTouch_v3/BaseTexture.uasset" 670
"../../../Engine/Plugins/Runtime/OpenXR/Content/Devices/OculusTouch_v3/BaseTexture.uexp" 671
"../../../Engine/Plugins/Runtime/OpenXR/Content/Devices/OculusTouch_v3/BaseTexture.ubulk" 672
"../../../Engine/Plugins/Runtime/OpenXR/Content/Devices/OculusTouch_v3/MI_OculusTouch_v3.uasset" 673
"../../../Engine/Plugins/Runtime/OpenXR/Content/Devices/OculusTouch_v3/MI_OculusTouch_v3.uexp" 674
"../../../Engine/Plugins/Runtime/OpenXR/Content/Devices/OculusTouch_v3/Left/left_OculusTouch_v3Controller.uasset" 675
"../../../Engine/Plugins/Runtime/OpenXR/Content/Devices/OculusTouch_v3/Left/left_OculusTouch_v3Controller.uexp" 676
"../../../Engine/Plugins/Runtime/OpenXR/Content/Devices/OculusTouch_v3/Right/right_OculusTouch_v3Controller.uasset" 677
"../../../Engine/Plugins/Runtime/OpenXR/Content/Devices/OculusTouch_v3/Right/right_OculusTouch_v3Controller.uexp" 678
"../../../Engine/Plugins/Runtime/OpenXR/Content/Devices/ValveIndex/MRTexture.uasset" 679
"../../../Engine/Plugins/Runtime/OpenXR/Content/Devices/ValveIndex/MRTexture.uexp" 680
"../../../Engine/Plugins/Runtime/OpenXR/Content/Devices/ValveIndex/MRTexture.ubulk" 681
"../../../Engine/Plugins/Runtime/OpenXR/Content/Devices/ValveIndex/BaseTexture.uasset" 682
"../../../Engine/Plugins/Runtime/OpenXR/Content/Devices/ValveIndex/BaseTexture.uexp" 683
"../../../Engine/Plugins/Runtime/OpenXR/Content/Devices/ValveIndex/BaseTexture.ubulk" 684
"../../../Engine/Plugins/Runtime/OpenXR/Content/Devices/ValveIndex/Left/MI_left_ValveIndex.uasset" 685
"../../../Engine/Plugins/Runtime/OpenXR/Content/Devices/ValveIndex/Left/MI_left_ValveIndex.uexp" 686
"../../../Engine/Plugins/Runtime/OpenXR/Content/Devices/ValveIndex/Left/left_ValveIndexController.uasset" 687
"../../../Engine/Plugins/Runtime/OpenXR/Content/Devices/ValveIndex/Left/left_ValveIndexController.uexp" 688
"../../../Engine/Plugins/Runtime/OpenXR/Content/Devices/ValveIndex/Right/MI_right_ValveIndex.uasset" 689
"../../../Engine/Plugins/Runtime/OpenXR/Content/Devices/ValveIndex/Right/MI_right_ValveIndex.uexp" 690
"../../../Engine/Plugins/Runtime/OpenXR/Content/Devices/ValveIndex/Right/right_ValveIndexController.uasset" 691
"../../../Engine/Plugins/Runtime/OpenXR/Content/Devices/ValveIndex/Right/right_ValveIndexController.uexp" 692
"../../../Engine/Content/Functions/Engine_MaterialFunctions02/Utility/BreakOutFloat4Components.uasset" 693
"../../../Engine/Content/Functions/Engine_MaterialFunctions02/Utility/BreakOutFloat4Components.uexp" 694
"../../../Engine/Content/Functions/Engine_MaterialFunctions02/Utility/MakeFloat3.uasset" 695
"../../../Engine/Content/Functions/Engine_MaterialFunctions02/Utility/MakeFloat3.uexp" 696
"../../../Engine/Plugins/Runtime/Oculus/OculusVR/Content/Materials/OculusMR_ChromaKey.uasset" 697
"../../../Engine/Plugins/Runtime/Oculus/OculusVR/Content/Materials/OculusMR_ChromaKey.uexp" 698
"../../../Engine/Plugins/Runtime/Oculus/OculusVR/Content/Materials/OculusMR_OpaqueColoredMaterial.uasset" 699
"../../../Engine/Plugins/Runtime/Oculus/OculusVR/Content/Materials/OculusMR_OpaqueColoredMaterial.uexp" 700
"../../../Engine/Plugins/Runtime/Oculus/OculusVR/Content/Materials/PokeAHoleMaterial.uasset" 701
"../../../Engine/Plugins/Runtime/Oculus/OculusVR/Content/Materials/PokeAHoleMaterial.uexp" 702
"../../../Engine/Plugins/Runtime/Oculus/OculusVR/Content/Textures/touchController_controlmap.uasset" 703
"../../../Engine/Plugins/Runtime/Oculus/OculusVR/Content/Textures/touchController_controlmap.uexp" 704
"../../../Engine/Plugins/Runtime/Oculus/OculusVR/Content/Textures/touchController_controlmap.ubulk" 705
"../../../Engine/Plugins/Runtime/Oculus/OculusVR/Content/Textures/touchController_albedo.uasset" 706
"../../../Engine/Plugins/Runtime/Oculus/OculusVR/Content/Textures/touchController_albedo.uexp" 707
"../../../Engine/Plugins/Runtime/Oculus/OculusVR/Content/Textures/touchController_albedo.ubulk" 708
"../../../Engine/Plugins/Runtime/Oculus/OculusVR/Content/Materials/touchController_mat.uasset" 709
"../../../Engine/Plugins/Runtime/Oculus/OculusVR/Content/Materials/touchController_mat.uexp" 710
"../../../Engine/Plugins/Runtime/Oculus/OculusVR/Content/Meshes/LeftTouchController.uasset" 711
"../../../Engine/Plugins/Runtime/Oculus/OculusVR/Content/Meshes/LeftTouchController.uexp" 712
"../../../Engine/Plugins/Runtime/Oculus/OculusVR/Content/Textures/TouchForQuestRiftSController_albedo.uasset" 713
"../../../Engine/Plugins/Runtime/Oculus/OculusVR/Content/Textures/TouchForQuestRiftSController_albedo.uexp" 714
"../../../Engine/Plugins/Runtime/Oculus/OculusVR/Content/Textures/TouchForQuestRiftSController_albedo.ubulk" 715
"../../../Engine/Plugins/Runtime/Oculus/OculusVR/Content/Materials/TouchForQuestRiftSControllerMaterial.uasset" 716
"../../../Engine/Plugins/Runtime/Oculus/OculusVR/Content/Materials/TouchForQuestRiftSControllerMaterial.uexp" 717
"../../../Engine/Plugins/Runtime/Oculus/OculusVR/Content/Meshes/LeftTouchForQuestRiftSController.uasset" 718
"../../../Engine/Plugins/Runtime/Oculus/OculusVR/Content/Meshes/LeftTouchForQuestRiftSController.uexp" 719
"../../../Engine/Plugins/Runtime/Oculus/OculusVR/Content/Meshes/RiftHMD.uasset" 720
"../../../Engine/Plugins/Runtime/Oculus/OculusVR/Content/Meshes/RiftHMD.uexp" 721
"../../../Engine/Plugins/Runtime/Oculus/OculusVR/Content/Meshes/RightTouchController.uasset" 722
"../../../Engine/Plugins/Runtime/Oculus/OculusVR/Content/Meshes/RightTouchController.uexp" 723
"../../../Engine/Plugins/Runtime/Oculus/OculusVR/Content/Meshes/RightTouchForQuestRiftSController.uasset" 724
"../../../Engine/Plugins/Runtime/Oculus/OculusVR/Content/Meshes/RightTouchForQuestRiftSController.uexp" 725
"C:/Users/Antonio/Master/VR/Unreal Projects/BeatSaber-like/Plugins/AugmentedUnreality/Content/Blueprints/UI/AURUIVideoSourceListItem.uasset" 726
"C:/Users/Antonio/Master/VR/Unreal Projects/BeatSaber-like/Plugins/AugmentedUnreality/Content/Blueprints/UI/AURUIVideoSourceListItem.uexp" 727
"C:/Users/Antonio/Master/VR/Unreal Projects/BeatSaber-like/Plugins/AugmentedUnreality/Content/Blueprints/UI/AURUIVideoSourceList.uasset" 728
"C:/Users/Antonio/Master/VR/Unreal Projects/BeatSaber-like/Plugins/AugmentedUnreality/Content/Blueprints/UI/AURUIVideoSourceList.uexp" 729
"C:/Users/Antonio/Master/VR/Unreal Projects/BeatSaber-like/Plugins/AugmentedUnreality/Content/Blueprints/UI/AURUIDiagnosticView.uasset" 730
"C:/Users/Antonio/Master/VR/Unreal Projects/BeatSaber-like/Plugins/AugmentedUnreality/Content/Blueprints/UI/AURUIDiagnosticView.uexp" 731
"C:/Users/Antonio/Master/VR/Unreal Projects/BeatSaber-like/Plugins/AugmentedUnreality/Content/Materials/SemiTransparentMaterial.uasset" 732
"C:/Users/Antonio/Master/VR/Unreal Projects/BeatSaber-like/Plugins/AugmentedUnreality/Content/Materials/SemiTransparentMaterial.uexp" 733
"C:/Users/Antonio/Master/VR/Unreal Projects/BeatSaber-like/Plugins/AugmentedUnreality/Content/Materials/BubbleWhite.uasset" 734
"C:/Users/Antonio/Master/VR/Unreal Projects/BeatSaber-like/Plugins/AugmentedUnreality/Content/Materials/BubbleWhite.uexp" 735
"C:/Users/Antonio/Master/VR/Unreal Projects/BeatSaber-like/Plugins/AugmentedUnreality/Content/Meshes/MeshPlaneDouble10.uasset" 736
"C:/Users/Antonio/Master/VR/Unreal Projects/BeatSaber-like/Plugins/AugmentedUnreality/Content/Meshes/MeshPlaneDouble10.uexp" 737
"C:/Users/Antonio/Master/VR/Unreal Projects/BeatSaber-like/Plugins/AugmentedUnreality/Content/Materials/MarkerMaterial.uasset" 738
"C:/Users/Antonio/Master/VR/Unreal Projects/BeatSaber-like/Plugins/AugmentedUnreality/Content/Materials/MarkerMaterial.uexp" 739
"C:/Users/Antonio/Master/VR/Unreal Projects/BeatSaber-like/Plugins/AugmentedUnreality/Content/Markers/AURMarkerComponent.uasset" 740
"C:/Users/Antonio/Master/VR/Unreal Projects/BeatSaber-like/Plugins/AugmentedUnreality/Content/Markers/AURMarkerComponent.uexp" 741
"C:/Users/Antonio/Master/VR/Unreal Projects/BeatSaber-like/Plugins/AugmentedUnreality/Content/Markers/AURFiducialPatternSpatialBP.uasset" 742
"C:/Users/Antonio/Master/VR/Unreal Projects/BeatSaber-like/Plugins/AugmentedUnreality/Content/Markers/AURFiducialPatternSpatialBP.uexp" 743
"C:/Users/Antonio/Master/VR/Unreal Projects/BeatSaber-like/Plugins/AugmentedUnreality/Content/Markers/Pattern_Square_A.uasset" 744
"C:/Users/Antonio/Master/VR/Unreal Projects/BeatSaber-like/Plugins/AugmentedUnreality/Content/Markers/Pattern_Square_A.uexp" 745
"C:/Users/Antonio/Master/VR/Unreal Projects/BeatSaber-like/Plugins/AugmentedUnreality/Content/Blueprints/VideoSources/VideoTest.uasset" 746
"C:/Users/Antonio/Master/VR/Unreal Projects/BeatSaber-like/Plugins/AugmentedUnreality/Content/Blueprints/VideoSources/VideoTest.uexp" 747
"C:/Users/Antonio/Master/VR/Unreal Projects/BeatSaber-like/Plugins/AugmentedUnreality/Content/Blueprints/VideoSources/VideoFileExample2.uasset" 748
"C:/Users/Antonio/Master/VR/Unreal Projects/BeatSaber-like/Plugins/AugmentedUnreality/Content/Blueprints/VideoSources/VideoFileExample2.uexp" 749
"C:/Users/Antonio/Master/VR/Unreal Projects/BeatSaber-like/Plugins/AugmentedUnreality/Content/Blueprints/VideoSources/VideoFileExample.uasset" 750
"C:/Users/Antonio/Master/VR/Unreal Projects/BeatSaber-like/Plugins/AugmentedUnreality/Content/Blueprints/VideoSources/VideoFileExample.uexp" 751
"C:/Users/Antonio/Master/VR/Unreal Projects/BeatSaber-like/Plugins/AugmentedUnreality/Content/Blueprints/VideoSources/VideoCamera1.uasset" 752
"C:/Users/Antonio/Master/VR/Unreal Projects/BeatSaber-like/Plugins/AugmentedUnreality/Content/Blueprints/VideoSources/VideoCamera1.uexp" 753
"C:/Users/Antonio/Master/VR/Unreal Projects/BeatSaber-like/Plugins/AugmentedUnreality/Content/Blueprints/VideoSources/VideoCamera0.uasset" 754
"C:/Users/Antonio/Master/VR/Unreal Projects/BeatSaber-like/Plugins/AugmentedUnreality/Content/Blueprints/VideoSources/VideoCamera0.uexp" 755
"C:/Users/Antonio/Master/VR/Unreal Projects/BeatSaber-like/Plugins/AugmentedUnreality/Content/Blueprints/VideoSources/VideoAndroid.uasset" 756
"C:/Users/Antonio/Master/VR/Unreal Projects/BeatSaber-like/Plugins/AugmentedUnreality/Content/Blueprints/VideoSources/VideoAndroid.uexp" 757
"C:/Users/Antonio/Master/VR/Unreal Projects/BeatSaber-like/Plugins/AugmentedUnreality/Content/Blueprints/AURDriver_Default.uasset" 758
"C:/Users/Antonio/Master/VR/Unreal Projects/BeatSaber-like/Plugins/AugmentedUnreality/Content/Blueprints/AURDriver_Default.uexp" 759
"C:/Users/Antonio/Master/VR/Unreal Projects/BeatSaber-like/Plugins/AugmentedUnreality/Content/Meshes/MeshPlaneSingle100.uasset" 760
"C:/Users/Antonio/Master/VR/Unreal Projects/BeatSaber-like/Plugins/AugmentedUnreality/Content/Meshes/MeshPlaneSingle100.uexp" 761
"C:/Users/Antonio/Master/VR/Unreal Projects/BeatSaber-like/Plugins/AugmentedUnreality/Content/Materials/M_Video.uasset" 762
"C:/Users/Antonio/Master/VR/Unreal Projects/BeatSaber-like/Plugins/AugmentedUnreality/Content/Materials/M_Video.uexp" 763
"C:/Users/Antonio/Master/VR/Unreal Projects/BeatSaber-like/Plugins/AugmentedUnreality/Content/Materials/M_EmptyScreenUnlit.uasset" 764
"C:/Users/Antonio/Master/VR/Unreal Projects/BeatSaber-like/Plugins/AugmentedUnreality/Content/Materials/M_EmptyScreenUnlit.uexp" 765
"C:/Users/Antonio/Master/VR/Unreal Projects/BeatSaber-like/Plugins/AugmentedUnreality/Content/Blueprints/AURVideoScreenBackgroundComponent.uasset" 766
"C:/Users/Antonio/Master/VR/Unreal Projects/BeatSaber-like/Plugins/AugmentedUnreality/Content/Blueprints/AURVideoScreenBackgroundComponent.uexp" 767
"C:/Users/Antonio/Master/VR/Unreal Projects/BeatSaber-like/Plugins/AugmentedUnreality/Content/Blueprints/AURCameraActor.uasset" 768
"C:/Users/Antonio/Master/VR/Unreal Projects/BeatSaber-like/Plugins/AugmentedUnreality/Content/Blueprints/AURCameraActor.uexp" 769
"../../../Engine/Content/Functions/Engine_MaterialFunctions01/Texturing/ScaleUVsByCenter.uasset" 770
"../../../Engine/Content/Functions/Engine_MaterialFunctions01/Texturing/ScaleUVsByCenter.uexp" 771
"../../../Engine/Content/Functions/Engine_MaterialFunctions02/ScreenResolution.uasset" 772
"../../../Engine/Content/Functions/Engine_MaterialFunctions02/ScreenResolution.uexp" 773
"C:/Users/Antonio/Master/VR/Unreal Projects/BeatSaber-like/Plugins/AugmentedUnreality/Content/Materials/ScreenAlignedUVsFixed.uasset" 774
"C:/Users/Antonio/Master/VR/Unreal Projects/BeatSaber-like/Plugins/AugmentedUnreality/Content/Materials/ScreenAlignedUVsFixed.uexp" 775
"C:/Users/Antonio/Master/VR/Unreal Projects/BeatSaber-like/Plugins/AugmentedUnreality/Content/Materials/M_VideoScreenAligned.uasset" 776
"C:/Users/Antonio/Master/VR/Unreal Projects/BeatSaber-like/Plugins/AugmentedUnreality/Content/Materials/M_VideoScreenAligned.uexp" 777
"C:/Users/Antonio/Master/VR/Unreal Projects/BeatSaber-like/Plugins/AugmentedUnreality/Content/Materials/M_EmptyScreenLit.uasset" 778
"C:/Users/Antonio/Master/VR/Unreal Projects/BeatSaber-like/Plugins/AugmentedUnreality/Content/Materials/M_EmptyScreenLit.uexp" 779
"C:/Users/Antonio/Master/VR/Unreal Projects/BeatSaber-like/Plugins/AugmentedUnreality/Content/Blueprints/Shadow/AURShadowPlaneComponent.uasset" 780
"C:/Users/Antonio/Master/VR/Unreal Projects/BeatSaber-like/Plugins/AugmentedUnreality/Content/Blueprints/Shadow/AURShadowPlaneComponent.uexp" 781
"C:/Users/Antonio/Master/VR/Unreal Projects/BeatSaber-like/Plugins/AugmentedUnreality/Content/Blueprints/Shadow/AURShadowPlaneActor.uasset" 782
"C:/Users/Antonio/Master/VR/Unreal Projects/BeatSaber-like/Plugins/AugmentedUnreality/Content/Blueprints/Shadow/AURShadowPlaneActor.uexp" 783
"C:/Users/Antonio/Master/VR/Unreal Projects/BeatSaber-like/Plugins/AugmentedUnreality/Content/Blueprints/Standalone/AURVideoScreenStandalone.uasset" 784
"C:/Users/Antonio/Master/VR/Unreal Projects/BeatSaber-like/Plugins/AugmentedUnreality/Content/Blueprints/Standalone/AURVideoScreenStandalone.uexp" 785
"C:/Users/Antonio/Master/VR/Unreal Projects/BeatSaber-like/Plugins/AugmentedUnreality/Content/Blueprints/Standalone/AURVideoScreenActor.uasset" 786
"C:/Users/Antonio/Master/VR/Unreal Projects/BeatSaber-like/Plugins/AugmentedUnreality/Content/Blueprints/Standalone/AURVideoScreenActor.uexp" 787
"C:/Users/Antonio/Master/VR/Unreal Projects/BeatSaber-like/Plugins/AugmentedUnreality/Content/Blueprints/VideoSources/GstreamerTest.uasset" 788
"C:/Users/Antonio/Master/VR/Unreal Projects/BeatSaber-like/Plugins/AugmentedUnreality/Content/Blueprints/VideoSources/GstreamerTest.uexp" 789
"C:/Users/Antonio/Master/VR/Unreal Projects/BeatSaber-like/Plugins/AugmentedUnreality/Content/Blueprints/VideoSources/RTPStream.uasset" 790
"C:/Users/Antonio/Master/VR/Unreal Projects/BeatSaber-like/Plugins/AugmentedUnreality/Content/Blueprints/VideoSources/RTPStream.uexp" 791
"C:/Users/Antonio/Master/VR/Unreal Projects/BeatSaber-like/Plugins/AugmentedUnreality/Content/Example/AUR_Screen_DefaultCamera.uasset" 792
"C:/Users/Antonio/Master/VR/Unreal Projects/BeatSaber-like/Plugins/AugmentedUnreality/Content/Example/AUR_Screen_DefaultCamera.uexp" 793
"C:/Users/Antonio/Master/VR/Unreal Projects/BeatSaber-like/Plugins/AugmentedUnreality/Content/Example/AUR_Screen_DefaultMode.uasset" 794
"C:/Users/Antonio/Master/VR/Unreal Projects/BeatSaber-like/Plugins/AugmentedUnreality/Content/Example/AUR_Screen_DefaultMode.uexp" 795
"C:/Users/Antonio/Master/VR/Unreal Projects/BeatSaber-like/Plugins/AugmentedUnreality/Content/Markers/AURBoardDefinition.uasset" 796
"C:/Users/Antonio/Master/VR/Unreal Projects/BeatSaber-like/Plugins/AugmentedUnreality/Content/Markers/AURBoardDefinition.uexp" 797
"C:/Users/Antonio/Master/VR/Unreal Projects/BeatSaber-like/Plugins/AugmentedUnreality/Content/Meshes/MeshPlaneSingle10.uasset" 798
"C:/Users/Antonio/Master/VR/Unreal Projects/BeatSaber-like/Plugins/AugmentedUnreality/Content/Meshes/MeshPlaneSingle10.uexp" 799
"C:/Users/Antonio/Master/VR/Unreal Projects/BeatSaber-like/Plugins/AugmentedUnreality/Content/Materials/BubbleOrange.uasset" 800
"C:/Users/Antonio/Master/VR/Unreal Projects/BeatSaber-like/Plugins/AugmentedUnreality/Content/Materials/BubbleOrange.uexp" 801
"C:/Users/Antonio/Master/VR/Unreal Projects/BeatSaber-like/Plugins/AugmentedUnreality/Content/Markers/AURFiducialPatternFlatBoardBP.uasset" 802
"C:/Users/Antonio/Master/VR/Unreal Projects/BeatSaber-like/Plugins/AugmentedUnreality/Content/Markers/AURFiducialPatternFlatBoardBP.uexp" 803
"C:/Users/Antonio/Master/VR/Unreal Projects/BeatSaber-like/Plugins/AugmentedUnreality/Content/Markers/PatternChessboard_A.uasset" 804
"C:/Users/Antonio/Master/VR/Unreal Projects/BeatSaber-like/Plugins/AugmentedUnreality/Content/Markers/PatternChessboard_A.uexp" 805
"C:/Users/Antonio/Master/VR/Unreal Projects/BeatSaber-like/Plugins/AugmentedUnreality/Content/Markers/PatternChessboard_B.uasset" 806
"C:/Users/Antonio/Master/VR/Unreal Projects/BeatSaber-like/Plugins/AugmentedUnreality/Content/Markers/PatternChessboard_B.uexp" 807
"C:/Users/Antonio/Master/VR/Unreal Projects/BeatSaber-like/Plugins/AugmentedUnreality/Content/Markers/Pattern_Cube.uasset" 808
"C:/Users/Antonio/Master/VR/Unreal Projects/BeatSaber-like/Plugins/AugmentedUnreality/Content/Markers/Pattern_Cube.uexp" 809
"C:/Users/Antonio/Master/VR/Unreal Projects/BeatSaber-like/Plugins/AugmentedUnreality/Content/Markers/Pattern_Single.uasset" 810
"C:/Users/Antonio/Master/VR/Unreal Projects/BeatSaber-like/Plugins/AugmentedUnreality/Content/Markers/Pattern_Single.uexp" 811
"C:/Users/Antonio/Master/VR/Unreal Projects/BeatSaber-like/Plugins/AugmentedUnreality/Content/Markers/Pattern_Square_B.uasset" 812
"C:/Users/Antonio/Master/VR/Unreal Projects/BeatSaber-like/Plugins/AugmentedUnreality/Content/Markers/Pattern_Square_B.uexp" 813
"C:/Users/Antonio/Master/VR/Unreal Projects/BeatSaber-like/Plugins/AugmentedUnreality/Content/Materials/BubbleGreen.uasset" 814
"C:/Users/Antonio/Master/VR/Unreal Projects/BeatSaber-like/Plugins/AugmentedUnreality/Content/Materials/BubbleGreen.uexp" 815
"C:/Users/Antonio/Master/VR/Unreal Projects/BeatSaber-like/Plugins/AugmentedUnreality/Content/Materials/BubbleYellow.uasset" 816
"C:/Users/Antonio/Master/VR/Unreal Projects/BeatSaber-like/Plugins/AugmentedUnreality/Content/Materials/BubbleYellow.uexp" 817
"C:/Users/Antonio/Master/VR/Unreal Projects/BeatSaber-like/Plugins/AugmentedUnreality/Content/Materials/Solid/M_SolidLit.uasset" 818
"C:/Users/Antonio/Master/VR/Unreal Projects/BeatSaber-like/Plugins/AugmentedUnreality/Content/Materials/Solid/M_SolidLit.uexp" 819
"../../../Engine/Content/MapTemplates/SM_Template_Map_Floor.uasset" 820
"../../../Engine/Content/MapTemplates/SM_Template_Map_Floor.uexp" 821
"../../../Engine/Content/BasicShapes/Sphere.uasset" 822
"../../../Engine/Content/BasicShapes/Sphere.uexp" 823
"C:/Users/Antonio/Master/VR/Unreal Projects/BeatSaber-like/Content/Materials/M_Laser.uasset" 824
"C:/Users/Antonio/Master/VR/Unreal Projects/BeatSaber-like/Content/Materials/M_Laser.uexp" 825
"C:/Users/Antonio/Master/VR/Unreal Projects/BeatSaber-like/Content/Materials/M_Background.uasset" 826
"C:/Users/Antonio/Master/VR/Unreal Projects/BeatSaber-like/Content/Materials/M_Background.uexp" 827
"C:/Users/Antonio/Master/VR/Unreal Projects/BeatSaber-like/Content/MainLevel_BuiltData.uasset" 828
"C:/Users/Antonio/Master/VR/Unreal Projects/BeatSaber-like/Content/MainLevel_BuiltData.uexp" 829
"C:/Users/Antonio/Master/VR/Unreal Projects/BeatSaber-like/Content/MainLevel_BuiltData.ubulk" 830
"C:/Users/Antonio/Master/VR/Unreal Projects/BeatSaber-like/Content/Extras/Axis/XMaterial.uasset" 831
"C:/Users/Antonio/Master/VR/Unreal Projects/BeatSaber-like/Content/Extras/Axis/XMaterial.uexp" 832
"C:/Users/Antonio/Master/VR/Unreal Projects/BeatSaber-like/Content/Extras/Axis/yMaterial.uasset" 833
"C:/Users/Antonio/Master/VR/Unreal Projects/BeatSaber-like/Content/Extras/Axis/yMaterial.uexp" 834
"C:/Users/Antonio/Master/VR/Unreal Projects/BeatSaber-like/Content/Extras/Axis/zMaterial.uasset" 835
"C:/Users/Antonio/Master/VR/Unreal Projects/BeatSaber-like/Content/Extras/Axis/zMaterial.uexp" 836
"C:/Users/Antonio/Master/VR/Unreal Projects/BeatSaber-like/Content/Extras/Axis/BP_Axis.uasset" 837
"C:/Users/Antonio/Master/VR/Unreal Projects/BeatSaber-like/Content/Extras/Axis/BP_Axis.uexp" 838
"C:/Users/Antonio/Master/VR/Unreal Projects/BeatSaber-like/Content/Blueprints/BPi_CameraSettings.uasset" 839
"C:/Users/Antonio/Master/VR/Unreal Projects/BeatSaber-like/Content/Blueprints/BPi_CameraSettings.uexp" 840
"C:/Users/Antonio/Master/VR/Unreal Projects/BeatSaber-like/Content/Blueprints/BP_AURCameraPawn.uasset" 841
"C:/Users/Antonio/Master/VR/Unreal Projects/BeatSaber-like/Content/Blueprints/BP_AURCameraPawn.uexp" 842
"C:/Users/Antonio/Master/VR/Unreal Projects/BeatSaber-like/Content/Blueprints/BP_WIP_Gamepad.uasset" 843
"C:/Users/Antonio/Master/VR/Unreal Projects/BeatSaber-like/Content/Blueprints/BP_WIP_Gamepad.uexp" 844
"C:/Users/Antonio/Master/VR/Unreal Projects/BeatSaber-like/Content/Blueprints/BP_VRCameraRoot.uasset" 845
"C:/Users/Antonio/Master/VR/Unreal Projects/BeatSaber-like/Content/Blueprints/BP_VRCameraRoot.uexp" 846
"C:/Users/Antonio/Master/VR/Unreal Projects/BeatSaber-like/Plugins/AugmentedUnreality/Content/Materials/Solid/M_SolidUnlit.uasset" 847
"C:/Users/Antonio/Master/VR/Unreal Projects/BeatSaber-like/Plugins/AugmentedUnreality/Content/Materials/Solid/M_SolidUnlit.uexp" 848
"C:/Users/Antonio/Master/VR/Unreal Projects/BeatSaber-like/Content/Blueprints/BP_Cube.uasset" 849
"C:/Users/Antonio/Master/VR/Unreal Projects/BeatSaber-like/Content/Blueprints/BP_Cube.uexp" 850
"C:/Users/Antonio/Master/VR/Unreal Projects/BeatSaber-like/Content/Blueprints/BP_CubeSpawner.uasset" 851
"C:/Users/Antonio/Master/VR/Unreal Projects/BeatSaber-like/Content/Blueprints/BP_CubeSpawner.uexp" 852
"C:/Users/Antonio/Master/VR/Unreal Projects/BeatSaber-like/Content/Blueprints/BP_Menu.uasset" 853
"C:/Users/Antonio/Master/VR/Unreal Projects/BeatSaber-like/Content/Blueprints/BP_Menu.uexp" 854
"C:/Users/Antonio/Master/VR/Unreal Projects/BeatSaber-like/Content/Meshes/Cylinder.uasset" 855
"C:/Users/Antonio/Master/VR/Unreal Projects/BeatSaber-like/Content/Meshes/Cylinder.uexp" 856
"C:/Users/Antonio/Master/VR/Unreal Projects/BeatSaber-like/Content/UI/HUD.uasset" 857
"C:/Users/Antonio/Master/VR/Unreal Projects/BeatSaber-like/Content/UI/HUD.uexp" 858
"C:/Users/Antonio/Master/VR/Unreal Projects/BeatSaber-like/Content/Music/04_Elixia.uasset" 859
"C:/Users/Antonio/Master/VR/Unreal Projects/BeatSaber-like/Content/Music/04_Elixia.uexp" 860
"C:/Users/Antonio/Master/VR/Unreal Projects/BeatSaber-like/Content/Blueprints/BP_GameManager.uasset" 861
"C:/Users/Antonio/Master/VR/Unreal Projects/BeatSaber-like/Content/Blueprints/BP_GameManager.uexp" 862
"C:/Users/Antonio/Master/VR/Unreal Projects/BeatSaber-like/Content/Blueprints/BP_LaserSword.uasset" 863
"C:/Users/Antonio/Master/VR/Unreal Projects/BeatSaber-like/Content/Blueprints/BP_LaserSword.uexp" 864
"C:/Users/Antonio/Master/VR/Unreal Projects/BeatSaber-like/Content/Blueprints/BP_Hands.uasset" 865
"C:/Users/Antonio/Master/VR/Unreal Projects/BeatSaber-like/Content/Blueprints/BP_Hands.uexp" 866
"C:/Users/Antonio/Master/VR/Unreal Projects/BeatSaber-like/Content/Blueprints/BP_AURController.uasset" 867
"C:/Users/Antonio/Master/VR/Unreal Projects/BeatSaber-like/Content/Blueprints/BP_AURController.uexp" 868
"C:/Users/Antonio/Master/VR/Unreal Projects/BeatSaber-like/Content/Materials/M_Floor.uasset" 869
"C:/Users/Antonio/Master/VR/Unreal Projects/BeatSaber-like/Content/Materials/M_Floor.uexp" 870
"C:/Users/Antonio/Master/VR/Unreal Projects/BeatSaber-like/Content/Blueprints/BP_Tracker.uasset" 871
"C:/Users/Antonio/Master/VR/Unreal Projects/BeatSaber-like/Content/Blueprints/BP_Tracker.uexp" 872
"C:/Users/Antonio/Master/VR/Unreal Projects/BeatSaber-like/Content/Blueprints/BP_HandFiducial2.uasset" 873
"C:/Users/Antonio/Master/VR/Unreal Projects/BeatSaber-like/Content/Blueprints/BP_HandFiducial2.uexp" 874
"C:/Users/Antonio/Master/VR/Unreal Projects/BeatSaber-like/Content/Blueprints/BP_HandFiducial1.uasset" 875
"C:/Users/Antonio/Master/VR/Unreal Projects/BeatSaber-like/Content/Blueprints/BP_HandFiducial1.uexp" 876
"C:/Users/Antonio/Master/VR/Unreal Projects/BeatSaber-like/Content/MainLevel.uexp" 877
"C:/Users/Antonio/Master/VR/Unreal Projects/BeatSaber-like/Content/MainLevel.umap" 878
"../../../Engine/Content/Maps/Entry_BuiltData.uasset" 879
"../../../Engine/Content/Maps/Entry_BuiltData.uexp" 880
"../../../Engine/Content/Maps/Entry.uexp" 881
"../../../Engine/Content/Maps/Entry.umap" 882
